{"C:\\Users\\hp\\OneDrive\\Bureau\\foodify\\src\\components\\login-form.tsx": {"path":"C:\\Users\\hp\\OneDrive\\Bureau\\foodify\\src\\components\\login-form.tsx","statementMap":{"0":{"start":{"line":16,"column":2},"end":{"line":55,"column":null}}},"fnMap":{"0":{"name":"LoginForm","decl":{"start":{"line":12,"column":16},"end":{"line":12,"column":26}},"loc":{"start":{"line":15,"column":33},"end":{"line":57,"column":null}},"line":15}},"branchMap":{},"s":{"0":5},"f":{"0":5},"b":{},"meta":{"lastBranch":0,"lastFunction":1,"lastStatement":1,"seen":{"f:12:16:12:26":0,"s:16:2:55:Infinity":0}}}
,"C:\\Users\\hp\\OneDrive\\Bureau\\foodify\\src\\components\\signup-form.tsx": {"path":"C:\\Users\\hp\\OneDrive\\Bureau\\foodify\\src\\components\\signup-form.tsx","statementMap":{"0":{"start":{"line":16,"column":2},"end":{"line":55,"column":null}}},"fnMap":{"0":{"name":"SignupForm","decl":{"start":{"line":12,"column":16},"end":{"line":12,"column":27}},"loc":{"start":{"line":15,"column":33},"end":{"line":57,"column":null}},"line":15}},"branchMap":{},"s":{"0":4},"f":{"0":4},"b":{},"meta":{"lastBranch":0,"lastFunction":1,"lastStatement":1,"seen":{"f:12:16:12:27":0,"s:16:2:55:Infinity":0}}}
,"C:\\Users\\hp\\OneDrive\\Bureau\\foodify\\src\\components\\custom\\Sidebar.tsx": {"path":"C:\\Users\\hp\\OneDrive\\Bureau\\foodify\\src\\components\\custom\\Sidebar.tsx","statementMap":{"0":{"start":{"line":20,"column":19},"end":{"line":135,"column":null}},"1":{"start":{"line":21,"column":42},"end":{"line":21,"column":null}},"2":{"start":{"line":23,"column":25},"end":{"line":29,"column":null}},"3":{"start":{"line":24,"column":8},"end":{"line":28,"column":null}},"4":{"start":{"line":25,"column":12},"end":{"line":27,"column":null}},"5":{"start":{"line":26,"column":35},"end":{"line":26,"column":45}},"6":{"start":{"line":31,"column":4},"end":{"line":133,"column":null}},"7":{"start":{"line":50,"column":32},"end":{"line":110,"column":null}},"8":{"start":{"line":65,"column":67},"end":{"line":65,"column":null}},"9":{"start":{"line":71,"column":56},"end":{"line":74,"column":null}},"10":{"start":{"line":72,"column":60},"end":{"line":72,"column":null}},"11":{"start":{"line":73,"column":60},"end":{"line":73,"column":null}},"12":{"start":{"line":83,"column":67},"end":{"line":83,"column":null}},"13":{"start":{"line":99,"column":48},"end":{"line":106,"column":null}},"14":{"start":{"line":122,"column":28},"end":{"line":128,"column":null}}},"fnMap":{"0":{"name":"(anonymous_0)","decl":{"start":{"line":20,"column":19},"end":{"line":20,"column":25}},"loc":{"start":{"line":20,"column":25},"end":{"line":135,"column":null}},"line":20},"1":{"name":"(anonymous_1)","decl":{"start":{"line":23,"column":25},"end":{"line":23,"column":26}},"loc":{"start":{"line":23,"column":43},"end":{"line":29,"column":null}},"line":23},"2":{"name":"(anonymous_2)","decl":{"start":{"line":24,"column":25},"end":{"line":24,"column":null}},"loc":{"start":{"line":25,"column":12},"end":{"line":27,"column":null}},"line":25},"3":{"name":"(anonymous_3)","decl":{"start":{"line":26,"column":30},"end":{"line":26,"column":35}},"loc":{"start":{"line":26,"column":35},"end":{"line":26,"column":45}},"line":26},"4":{"name":"(anonymous_4)","decl":{"start":{"line":49,"column":43},"end":{"line":49,"column":44}},"loc":{"start":{"line":50,"column":32},"end":{"line":110,"column":null}},"line":50},"5":{"name":"(anonymous_5)","decl":{"start":{"line":65,"column":61},"end":{"line":65,"column":67}},"loc":{"start":{"line":65,"column":67},"end":{"line":65,"column":null}},"line":65},"6":{"name":"(anonymous_6)","decl":{"start":{"line":70,"column":63},"end":{"line":70,"column":64}},"loc":{"start":{"line":70,"column":70},"end":{"line":75,"column":null}},"line":70},"7":{"name":"(anonymous_7)","decl":{"start":{"line":83,"column":61},"end":{"line":83,"column":67}},"loc":{"start":{"line":83,"column":67},"end":{"line":83,"column":null}},"line":83},"8":{"name":"(anonymous_8)","decl":{"start":{"line":98,"column":63},"end":{"line":98,"column":64}},"loc":{"start":{"line":99,"column":48},"end":{"line":106,"column":null}},"line":99},"9":{"name":"(anonymous_9)","decl":{"start":{"line":121,"column":41},"end":{"line":121,"column":42}},"loc":{"start":{"line":122,"column":28},"end":{"line":128,"column":null}},"line":122}},"branchMap":{"0":{"loc":{"start":{"line":25,"column":12},"end":{"line":27,"column":null}},"type":"cond-expr","locations":[{"start":{"line":26,"column":18},"end":{"line":26,"column":null}},{"start":{"line":27,"column":18},"end":{"line":27,"column":null}}],"line":25},"1":{"loc":{"start":{"line":53,"column":45},"end":{"line":79,"column":null}},"type":"cond-expr","locations":[{"start":{"line":54,"column":48},"end":{"line":61,"column":null}},{"start":{"line":63,"column":48},"end":{"line":79,"column":null}}],"line":53},"2":{"loc":{"start":{"line":71,"column":56},"end":{"line":74,"column":null}},"type":"if","locations":[{"start":{"line":71,"column":56},"end":{"line":74,"column":null}},{"start":{},"end":{}}],"line":71},"3":{"loc":{"start":{"line":71,"column":60},"end":{"line":71,"column":96}},"type":"binary-expr","locations":[{"start":{"line":71,"column":60},"end":{"line":71,"column":81}},{"start":{"line":71,"column":81},"end":{"line":71,"column":96}}],"line":71},"4":{"loc":{"start":{"line":81,"column":45},"end":{"line":92,"column":null}},"type":"binary-expr","locations":[{"start":{"line":81,"column":45},"end":{"line":81,"column":null}},{"start":{"line":82,"column":48},"end":{"line":92,"column":null}}],"line":81},"5":{"loc":{"start":{"line":85,"column":64},"end":{"line":85,"column":null}},"type":"cond-expr","locations":[{"start":{"line":85,"column":101},"end":{"line":85,"column":119}},{"start":{"line":85,"column":119},"end":{"line":85,"column":null}}],"line":85},"6":{"loc":{"start":{"line":87,"column":53},"end":{"line":90,"column":null}},"type":"cond-expr","locations":[{"start":{"line":88,"column":56},"end":{"line":88,"column":null}},{"start":{"line":90,"column":56},"end":{"line":90,"column":null}}],"line":87},"7":{"loc":{"start":{"line":96,"column":37},"end":{"line":108,"column":null}},"type":"binary-expr","locations":[{"start":{"line":96,"column":37},"end":{"line":96,"column":65}},{"start":{"line":96,"column":65},"end":{"line":96,"column":null}},{"start":{"line":97,"column":40},"end":{"line":108,"column":null}}],"line":96}},"s":{"0":1,"1":31,"2":31,"3":11,"4":11,"5":3,"6":31,"7":62,"8":6,"9":5,"10":4,"11":4,"12":1,"13":48,"14":124},"f":{"0":31,"1":11,"2":11,"3":3,"4":62,"5":6,"6":5,"7":1,"8":48,"9":124},"b":{"0":[3,8],"1":[31,31],"2":[4,1],"3":[5,3],"4":[62,31],"5":[8,23],"6":[8,23],"7":[62,31,8]},"meta":{"lastBranch":8,"lastFunction":10,"lastStatement":15,"seen":{"s:20:19:135:Infinity":0,"f:20:19:20:25":0,"s:21:42:21:Infinity":1,"s:23:25:29:Infinity":2,"f:23:25:23:26":1,"s:24:8:28:Infinity":3,"f:24:25:24:Infinity":2,"s:25:12:27:Infinity":4,"b:26:18:26:Infinity:27:18:27:Infinity":0,"f:26:30:26:35":3,"s:26:35:26:45":5,"s:31:4:133:Infinity":6,"f:49:43:49:44":4,"s:50:32:110:Infinity":7,"b:54:48:61:Infinity:63:48:79:Infinity":1,"f:65:61:65:67":5,"s:65:67:65:Infinity":8,"f:70:63:70:64":6,"b:71:56:74:Infinity:undefined:undefined:undefined:undefined":2,"s:71:56:74:Infinity":9,"b:71:60:71:81:71:81:71:96":3,"s:72:60:72:Infinity":10,"s:73:60:73:Infinity":11,"b:81:45:81:Infinity:82:48:92:Infinity":4,"f:83:61:83:67":7,"s:83:67:83:Infinity":12,"b:85:101:85:119:85:119:85:Infinity":5,"b:88:56:88:Infinity:90:56:90:Infinity":6,"b:96:37:96:65:96:65:96:Infinity:97:40:108:Infinity":7,"f:98:63:98:64":8,"s:99:48:106:Infinity":13,"f:121:41:121:42":9,"s:122:28:128:Infinity":14}}}
,"C:\\Users\\hp\\OneDrive\\Bureau\\foodify\\src\\components\\custom\\footer.tsx": {"path":"C:\\Users\\hp\\OneDrive\\Bureau\\foodify\\src\\components\\custom\\footer.tsx","statementMap":{"0":{"start":{"line":12,"column":19},"end":{"line":32,"column":null}},"1":{"start":{"line":23,"column":2},"end":{"line":32,"column":null}},"2":{"start":{"line":35,"column":15},"end":{"line":129,"column":null}},"3":{"start":{"line":37,"column":8},"end":{"line":37,"column":null}},"4":{"start":{"line":39,"column":2},"end":{"line":127,"column":null}}},"fnMap":{"0":{"name":"(anonymous_0)","decl":{"start":{"line":12,"column":19},"end":{"line":12,"column":20}},"loc":{"start":{"line":23,"column":2},"end":{"line":32,"column":null}},"line":23},"1":{"name":"(anonymous_1)","decl":{"start":{"line":35,"column":15},"end":{"line":35,"column":21}},"loc":{"start":{"line":35,"column":21},"end":{"line":129,"column":null}},"line":35}},"branchMap":{},"s":{"0":1,"1":28,"2":1,"3":7,"4":7},"f":{"0":28,"1":7},"b":{},"meta":{"lastBranch":0,"lastFunction":2,"lastStatement":5,"seen":{"s:12:19:32:Infinity":0,"f:12:19:12:20":0,"s:23:2:32:Infinity":1,"s:35:15:129:Infinity":2,"f:35:15:35:21":1,"s:37:8:37:Infinity":3,"s:39:2:127:Infinity":4}}}
,"C:\\Users\\hp\\OneDrive\\Bureau\\foodify\\src\\components\\custom\\header.tsx": {"path":"C:\\Users\\hp\\OneDrive\\Bureau\\foodify\\src\\components\\custom\\header.tsx","statementMap":{"0":{"start":{"line":6,"column":15},"end":{"line":106,"column":null}},"1":{"start":{"line":8,"column":24},"end":{"line":8,"column":null}},"2":{"start":{"line":10,"column":4},"end":{"line":104,"column":null}}},"fnMap":{"0":{"name":"(anonymous_0)","decl":{"start":{"line":6,"column":15},"end":{"line":6,"column":21}},"loc":{"start":{"line":6,"column":21},"end":{"line":106,"column":null}},"line":6}},"branchMap":{},"s":{"0":1,"1":8,"2":8},"f":{"0":8},"b":{},"meta":{"lastBranch":0,"lastFunction":1,"lastStatement":3,"seen":{"s:6:15:106:Infinity":0,"f:6:15:6:21":0,"s:8:24:8:Infinity":1,"s:10:4:104:Infinity":2}}}
,"C:\\Users\\hp\\OneDrive\\Bureau\\foodify\\src\\data\\sidebar-menu.ts": {"path":"C:\\Users\\hp\\OneDrive\\Bureau\\foodify\\src\\data\\sidebar-menu.ts","statementMap":{"0":{"start":{"line":37,"column":44},"end":{"line":59,"column":null}},"1":{"start":{"line":61,"column":46},"end":{"line":82,"column":null}}},"fnMap":{},"branchMap":{},"s":{"0":1,"1":1},"f":{},"b":{},"meta":{"lastBranch":0,"lastFunction":0,"lastStatement":2,"seen":{"s:37:44:59:Infinity":0,"s:61:46:82:Infinity":1}}}
,"C:\\Users\\hp\\OneDrive\\Bureau\\foodify\\src\\data\\steps.ts": {"path":"C:\\Users\\hp\\OneDrive\\Bureau\\foodify\\src\\data\\steps.ts","statementMap":{"0":{"start":{"line":10,"column":29},"end":{"line":32,"column":null}}},"fnMap":{},"branchMap":{},"s":{"0":1},"f":{},"b":{},"meta":{"lastBranch":0,"lastFunction":0,"lastStatement":1,"seen":{"s:10:29:32:Infinity":0}}}
,"C:\\Users\\hp\\OneDrive\\Bureau\\foodify\\src\\hooks\\use-mobile.ts": {"path":"C:\\Users\\hp\\OneDrive\\Bureau\\foodify\\src\\hooks\\use-mobile.ts","statementMap":{"0":{"start":{"line":3,"column":26},"end":{"line":3,"column":null}},"1":{"start":{"line":6,"column":34},"end":{"line":6,"column":null}},"2":{"start":{"line":8,"column":2},"end":{"line":16,"column":null}},"3":{"start":{"line":9,"column":16},"end":{"line":9,"column":null}},"4":{"start":{"line":10,"column":21},"end":{"line":12,"column":null}},"5":{"start":{"line":11,"column":6},"end":{"line":11,"column":null}},"6":{"start":{"line":13,"column":4},"end":{"line":13,"column":null}},"7":{"start":{"line":14,"column":4},"end":{"line":14,"column":null}},"8":{"start":{"line":15,"column":4},"end":{"line":15,"column":null}},"9":{"start":{"line":15,"column":17},"end":{"line":15,"column":null}},"10":{"start":{"line":18,"column":2},"end":{"line":18,"column":null}}},"fnMap":{"0":{"name":"useIsMobile","decl":{"start":{"line":5,"column":16},"end":{"line":5,"column":30}},"loc":{"start":{"line":5,"column":30},"end":{"line":19,"column":null}},"line":5},"1":{"name":"(anonymous_1)","decl":{"start":{"line":8,"column":18},"end":{"line":8,"column":24}},"loc":{"start":{"line":8,"column":24},"end":{"line":16,"column":5}},"line":8},"2":{"name":"(anonymous_2)","decl":{"start":{"line":10,"column":21},"end":{"line":10,"column":27}},"loc":{"start":{"line":10,"column":27},"end":{"line":12,"column":null}},"line":10},"3":{"name":"(anonymous_3)","decl":{"start":{"line":15,"column":11},"end":{"line":15,"column":17}},"loc":{"start":{"line":15,"column":17},"end":{"line":15,"column":null}},"line":15}},"branchMap":{},"s":{"0":1,"1":40,"2":40,"3":20,"4":20,"5":0,"6":20,"7":20,"8":20,"9":20,"10":40},"f":{"0":40,"1":20,"2":0,"3":20},"b":{},"meta":{"lastBranch":0,"lastFunction":4,"lastStatement":11,"seen":{"s:3:26:3:Infinity":0,"f:5:16:5:30":0,"s:6:34:6:Infinity":1,"s:8:2:16:Infinity":2,"f:8:18:8:24":1,"s:9:16:9:Infinity":3,"s:10:21:12:Infinity":4,"f:10:21:10:27":2,"s:11:6:11:Infinity":5,"s:13:4:13:Infinity":6,"s:14:4:14:Infinity":7,"s:15:4:15:Infinity":8,"f:15:11:15:17":3,"s:15:17:15:Infinity":9,"s:18:2:18:Infinity":10}}}
,"C:\\Users\\hp\\OneDrive\\Bureau\\foodify\\src\\lib\\utils.ts": {"path":"C:\\Users\\hp\\OneDrive\\Bureau\\foodify\\src\\lib\\utils.ts","statementMap":{"0":{"start":{"line":5,"column":2},"end":{"line":5,"column":null}}},"fnMap":{"0":{"name":"cn","decl":{"start":{"line":4,"column":16},"end":{"line":4,"column":22}},"loc":{"start":{"line":4,"column":44},"end":{"line":6,"column":null}},"line":4}},"branchMap":{},"s":{"0":771},"f":{"0":771},"b":{},"meta":{"lastBranch":0,"lastFunction":1,"lastStatement":1,"seen":{"f:4:16:4:22":0,"s:5:2:5:Infinity":0}}}
,"C:\\Users\\hp\\OneDrive\\Bureau\\foodify\\src\\pages\\landing.tsx": {"path":"C:\\Users\\hp\\OneDrive\\Bureau\\foodify\\src\\pages\\landing.tsx","statementMap":{"0":{"start":{"line":14,"column":19},"end":{"line":21,"column":null}},"1":{"start":{"line":23,"column":16},"end":{"line":118,"column":null}},"2":{"start":{"line":25,"column":2},"end":{"line":116,"column":null}},"3":{"start":{"line":74,"column":16},"end":{"line":90,"column":null}}},"fnMap":{"0":{"name":"(anonymous_0)","decl":{"start":{"line":23,"column":16},"end":{"line":23,"column":22}},"loc":{"start":{"line":23,"column":22},"end":{"line":118,"column":null}},"line":23},"1":{"name":"(anonymous_1)","decl":{"start":{"line":73,"column":30},"end":{"line":73,"column":31}},"loc":{"start":{"line":74,"column":16},"end":{"line":90,"column":null}},"line":74}},"branchMap":{},"s":{"0":1,"1":1,"2":16,"3":96},"f":{"0":16,"1":96},"b":{},"meta":{"lastBranch":0,"lastFunction":2,"lastStatement":4,"seen":{"s:14:19:21:Infinity":0,"s:23:16:118:Infinity":1,"f:23:16:23:22":0,"s:25:2:116:Infinity":2,"f:73:30:73:31":1,"s:74:16:90:Infinity":3}}}
,"C:\\Users\\hp\\OneDrive\\Bureau\\foodify\\src\\pages\\orderSteps.tsx": {"path":"C:\\Users\\hp\\OneDrive\\Bureau\\foodify\\src\\pages\\orderSteps.tsx","statementMap":{"0":{"start":{"line":5,"column":19},"end":{"line":59,"column":null}},"1":{"start":{"line":7,"column":2},"end":{"line":57,"column":null}},"2":{"start":{"line":26,"column":34},"end":{"line":26,"column":null}},"3":{"start":{"line":27,"column":12},"end":{"line":52,"column":null}}},"fnMap":{"0":{"name":"(anonymous_0)","decl":{"start":{"line":5,"column":19},"end":{"line":5,"column":25}},"loc":{"start":{"line":5,"column":25},"end":{"line":59,"column":null}},"line":5},"1":{"name":"(anonymous_1)","decl":{"start":{"line":25,"column":21},"end":{"line":25,"column":22}},"loc":{"start":{"line":25,"column":31},"end":{"line":54,"column":11}},"line":25}},"branchMap":{},"s":{"0":1,"1":3,"2":9,"3":9},"f":{"0":3,"1":9},"b":{},"meta":{"lastBranch":0,"lastFunction":2,"lastStatement":4,"seen":{"s:5:19:59:Infinity":0,"f:5:19:5:25":0,"s:7:2:57:Infinity":1,"f:25:21:25:22":1,"s:26:34:26:Infinity":2,"s:27:12:52:Infinity":3}}}
,"C:\\Users\\hp\\OneDrive\\Bureau\\foodify\\src\\pages\\auth\\login.tsx": {"path":"C:\\Users\\hp\\OneDrive\\Bureau\\foodify\\src\\pages\\auth\\login.tsx","statementMap":{"0":{"start":{"line":6,"column":14},"end":{"line":34,"column":null}},"1":{"start":{"line":7,"column":2},"end":{"line":32,"column":null}}},"fnMap":{"0":{"name":"(anonymous_0)","decl":{"start":{"line":6,"column":14},"end":{"line":6,"column":20}},"loc":{"start":{"line":6,"column":20},"end":{"line":34,"column":null}},"line":6}},"branchMap":{},"s":{"0":1,"1":1},"f":{"0":1},"b":{},"meta":{"lastBranch":0,"lastFunction":1,"lastStatement":2,"seen":{"s:6:14:34:Infinity":0,"f:6:14:6:20":0,"s:7:2:32:Infinity":1}}}
,"C:\\Users\\hp\\OneDrive\\Bureau\\foodify\\src\\pages\\auth\\signup.tsx": {"path":"C:\\Users\\hp\\OneDrive\\Bureau\\foodify\\src\\pages\\auth\\signup.tsx","statementMap":{"0":{"start":{"line":6,"column":15},"end":{"line":34,"column":null}},"1":{"start":{"line":7,"column":2},"end":{"line":32,"column":null}}},"fnMap":{"0":{"name":"(anonymous_0)","decl":{"start":{"line":6,"column":15},"end":{"line":6,"column":21}},"loc":{"start":{"line":6,"column":21},"end":{"line":34,"column":null}},"line":6}},"branchMap":{},"s":{"0":1,"1":1},"f":{"0":1},"b":{},"meta":{"lastBranch":0,"lastFunction":1,"lastStatement":2,"seen":{"s:6:15:34:Infinity":0,"f:6:15:6:21":0,"s:7:2:32:Infinity":1}}}
}
