{"C:\\Users\\hp\\OneDrive\\Bureau\\foodify\\src\\components\\custom\\footer.tsx": {"path":"C:\\Users\\hp\\OneDrive\\Bureau\\foodify\\src\\components\\custom\\footer.tsx","statementMap":{"0":{"start":{"line":5,"column":15},"end":{"line":151,"column":null}},"1":{"start":{"line":6,"column":2},"end":{"line":149,"column":null}}},"fnMap":{"0":{"name":"(anonymous_0)","decl":{"start":{"line":5,"column":15},"end":{"line":5,"column":21}},"loc":{"start":{"line":5,"column":21},"end":{"line":151,"column":null}},"line":5}},"branchMap":{},"s":{"0":1,"1":3},"f":{"0":3},"b":{},"meta":{"lastBranch":0,"lastFunction":1,"lastStatement":2,"seen":{"s:5:15:151:Infinity":0,"f:5:15:5:21":0,"s:6:2:149:Infinity":1}}}
,"C:\\Users\\hp\\OneDrive\\Bureau\\foodify\\src\\components\\ui\\card.tsx": {"path":"C:\\Users\\hp\\OneDrive\\Bureau\\foodify\\src\\components\\ui\\card.tsx","statementMap":{"0":{"start":{"line":6,"column":2},"end":{"line":14,"column":null}},"1":{"start":{"line":19,"column":2},"end":{"line":27,"column":null}},"2":{"start":{"line":32,"column":2},"end":{"line":37,"column":null}},"3":{"start":{"line":42,"column":2},"end":{"line":47,"column":null}},"4":{"start":{"line":52,"column":2},"end":{"line":60,"column":null}},"5":{"start":{"line":65,"column":2},"end":{"line":70,"column":null}},"6":{"start":{"line":75,"column":2},"end":{"line":80,"column":null}}},"fnMap":{"0":{"name":"Card","decl":{"start":{"line":5,"column":9},"end":{"line":5,"column":14}},"loc":{"start":{"line":5,"column":68},"end":{"line":16,"column":null}},"line":5},"1":{"name":"CardHeader","decl":{"start":{"line":18,"column":9},"end":{"line":18,"column":20}},"loc":{"start":{"line":18,"column":74},"end":{"line":29,"column":null}},"line":18},"2":{"name":"CardTitle","decl":{"start":{"line":31,"column":9},"end":{"line":31,"column":19}},"loc":{"start":{"line":31,"column":73},"end":{"line":39,"column":null}},"line":31},"3":{"name":"CardDescription","decl":{"start":{"line":41,"column":9},"end":{"line":41,"column":25}},"loc":{"start":{"line":41,"column":79},"end":{"line":49,"column":null}},"line":41},"4":{"name":"CardAction","decl":{"start":{"line":51,"column":9},"end":{"line":51,"column":20}},"loc":{"start":{"line":51,"column":74},"end":{"line":62,"column":null}},"line":51},"5":{"name":"CardContent","decl":{"start":{"line":64,"column":9},"end":{"line":64,"column":21}},"loc":{"start":{"line":64,"column":75},"end":{"line":72,"column":null}},"line":64},"6":{"name":"CardFooter","decl":{"start":{"line":74,"column":9},"end":{"line":74,"column":20}},"loc":{"start":{"line":74,"column":74},"end":{"line":82,"column":null}},"line":74}},"branchMap":{},"s":{"0":9,"1":0,"2":0,"3":0,"4":0,"5":0,"6":0},"f":{"0":9,"1":0,"2":0,"3":0,"4":0,"5":0,"6":0},"b":{},"meta":{"lastBranch":0,"lastFunction":7,"lastStatement":7,"seen":{"f:5:9:5:14":0,"s:6:2:14:Infinity":0,"f:18:9:18:20":1,"s:19:2:27:Infinity":1,"f:31:9:31:19":2,"s:32:2:37:Infinity":2,"f:41:9:41:25":3,"s:42:2:47:Infinity":3,"f:51:9:51:20":4,"s:52:2:60:Infinity":4,"f:64:9:64:21":5,"s:65:2:70:Infinity":5,"f:74:9:74:20":6,"s:75:2:80:Infinity":6}}}
,"C:\\Users\\hp\\OneDrive\\Bureau\\foodify\\src\\lib\\utils.ts": {"path":"C:\\Users\\hp\\OneDrive\\Bureau\\foodify\\src\\lib\\utils.ts","statementMap":{"0":{"start":{"line":5,"column":2},"end":{"line":5,"column":null}}},"fnMap":{"0":{"name":"cn","decl":{"start":{"line":4,"column":16},"end":{"line":4,"column":22}},"loc":{"start":{"line":4,"column":44},"end":{"line":6,"column":null}},"line":4}},"branchMap":{},"s":{"0":9},"f":{"0":9},"b":{},"meta":{"lastBranch":0,"lastFunction":1,"lastStatement":1,"seen":{"f:4:16:4:22":0,"s:5:2:5:Infinity":0}}}
,"C:\\Users\\hp\\OneDrive\\Bureau\\foodify\\src\\pages\\orderSteps.tsx": {"path":"C:\\Users\\hp\\OneDrive\\Bureau\\foodify\\src\\pages\\orderSteps.tsx","statementMap":{"0":{"start":{"line":4,"column":19},"end":{"line":77,"column":null}},"1":{"start":{"line":6,"column":16},"end":{"line":28,"column":null}},"2":{"start":{"line":30,"column":2},"end":{"line":75,"column":null}},"3":{"start":{"line":44,"column":34},"end":{"line":44,"column":null}},"4":{"start":{"line":45,"column":12},"end":{"line":70,"column":null}}},"fnMap":{"0":{"name":"(anonymous_0)","decl":{"start":{"line":4,"column":19},"end":{"line":4,"column":25}},"loc":{"start":{"line":4,"column":25},"end":{"line":77,"column":null}},"line":4},"1":{"name":"(anonymous_1)","decl":{"start":{"line":43,"column":21},"end":{"line":43,"column":22}},"loc":{"start":{"line":43,"column":31},"end":{"line":72,"column":11}},"line":43}},"branchMap":{},"s":{"0":1,"1":3,"2":3,"3":9,"4":9},"f":{"0":3,"1":9},"b":{},"meta":{"lastBranch":0,"lastFunction":2,"lastStatement":5,"seen":{"s:4:19:77:Infinity":0,"f:4:19:4:25":0,"s:6:16:28:Infinity":1,"s:30:2:75:Infinity":2,"f:43:21:43:22":1,"s:44:34:44:Infinity":3,"s:45:12:70:Infinity":4}}}
}
