{"C:\\Users\\hp\\OneDrive\\Bureau\\foodify\\src\\components\\login-form.tsx": {"path":"C:\\Users\\hp\\OneDrive\\Bureau\\foodify\\src\\components\\login-form.tsx","statementMap":{"0":{"start":{"line":16,"column":2},"end":{"line":55,"column":null}}},"fnMap":{"0":{"name":"LoginForm","decl":{"start":{"line":12,"column":16},"end":{"line":12,"column":26}},"loc":{"start":{"line":15,"column":33},"end":{"line":57,"column":null}},"line":15}},"branchMap":{},"s":{"0":5},"f":{"0":5},"b":{},"meta":{"lastBranch":0,"lastFunction":1,"lastStatement":1,"seen":{"f:12:16:12:26":0,"s:16:2:55:Infinity":0}}}
,"C:\\Users\\hp\\OneDrive\\Bureau\\foodify\\src\\components\\signup-form.tsx": {"path":"C:\\Users\\hp\\OneDrive\\Bureau\\foodify\\src\\components\\signup-form.tsx","statementMap":{"0":{"start":{"line":16,"column":2},"end":{"line":55,"column":null}}},"fnMap":{"0":{"name":"SignupForm","decl":{"start":{"line":12,"column":16},"end":{"line":12,"column":27}},"loc":{"start":{"line":15,"column":33},"end":{"line":57,"column":null}},"line":15}},"branchMap":{},"s":{"0":4},"f":{"0":4},"b":{},"meta":{"lastBranch":0,"lastFunction":1,"lastStatement":1,"seen":{"f:12:16:12:27":0,"s:16:2:55:Infinity":0}}}
,"C:\\Users\\hp\\OneDrive\\Bureau\\foodify\\src\\components\\custom\\Sidebar.tsx": {"path":"C:\\Users\\hp\\OneDrive\\Bureau\\foodify\\src\\components\\custom\\Sidebar.tsx","statementMap":{"0":{"start":{"line":31,"column":19},"end":{"line":206,"column":null}},"1":{"start":{"line":32,"column":42},"end":{"line":32,"column":null}},"2":{"start":{"line":34,"column":25},"end":{"line":40,"column":null}},"3":{"start":{"line":35,"column":8},"end":{"line":39,"column":null}},"4":{"start":{"line":36,"column":12},"end":{"line":38,"column":null}},"5":{"start":{"line":37,"column":35},"end":{"line":37,"column":45}},"6":{"start":{"line":42,"column":22},"end":{"line":76,"column":null}},"7":{"start":{"line":78,"column":24},"end":{"line":99,"column":null}},"8":{"start":{"line":101,"column":4},"end":{"line":204,"column":null}},"9":{"start":{"line":120,"column":32},"end":{"line":179,"column":null}},"10":{"start":{"line":135,"column":67},"end":{"line":135,"column":null}},"11":{"start":{"line":141,"column":56},"end":{"line":144,"column":null}},"12":{"start":{"line":142,"column":60},"end":{"line":142,"column":null}},"13":{"start":{"line":143,"column":60},"end":{"line":143,"column":null}},"14":{"start":{"line":153,"column":67},"end":{"line":153,"column":null}},"15":{"start":{"line":169,"column":48},"end":{"line":175,"column":null}},"16":{"start":{"line":193,"column":28},"end":{"line":199,"column":null}}},"fnMap":{"0":{"name":"(anonymous_0)","decl":{"start":{"line":31,"column":19},"end":{"line":31,"column":25}},"loc":{"start":{"line":31,"column":25},"end":{"line":206,"column":null}},"line":31},"1":{"name":"(anonymous_1)","decl":{"start":{"line":34,"column":25},"end":{"line":34,"column":26}},"loc":{"start":{"line":34,"column":43},"end":{"line":40,"column":null}},"line":34},"2":{"name":"(anonymous_2)","decl":{"start":{"line":35,"column":25},"end":{"line":35,"column":null}},"loc":{"start":{"line":36,"column":12},"end":{"line":38,"column":null}},"line":36},"3":{"name":"(anonymous_3)","decl":{"start":{"line":37,"column":30},"end":{"line":37,"column":35}},"loc":{"start":{"line":37,"column":35},"end":{"line":37,"column":45}},"line":37},"4":{"name":"(anonymous_4)","decl":{"start":{"line":119,"column":43},"end":{"line":119,"column":44}},"loc":{"start":{"line":120,"column":32},"end":{"line":179,"column":null}},"line":120},"5":{"name":"(anonymous_5)","decl":{"start":{"line":135,"column":61},"end":{"line":135,"column":67}},"loc":{"start":{"line":135,"column":67},"end":{"line":135,"column":null}},"line":135},"6":{"name":"(anonymous_6)","decl":{"start":{"line":140,"column":63},"end":{"line":140,"column":64}},"loc":{"start":{"line":140,"column":70},"end":{"line":145,"column":null}},"line":140},"7":{"name":"(anonymous_7)","decl":{"start":{"line":153,"column":61},"end":{"line":153,"column":67}},"loc":{"start":{"line":153,"column":67},"end":{"line":153,"column":null}},"line":153},"8":{"name":"(anonymous_8)","decl":{"start":{"line":168,"column":63},"end":{"line":168,"column":64}},"loc":{"start":{"line":169,"column":48},"end":{"line":175,"column":null}},"line":169},"9":{"name":"(anonymous_9)","decl":{"start":{"line":192,"column":41},"end":{"line":192,"column":42}},"loc":{"start":{"line":193,"column":28},"end":{"line":199,"column":null}},"line":193}},"branchMap":{"0":{"loc":{"start":{"line":36,"column":12},"end":{"line":38,"column":null}},"type":"cond-expr","locations":[{"start":{"line":37,"column":18},"end":{"line":37,"column":null}},{"start":{"line":38,"column":18},"end":{"line":38,"column":null}}],"line":36},"1":{"loc":{"start":{"line":123,"column":45},"end":{"line":149,"column":null}},"type":"cond-expr","locations":[{"start":{"line":124,"column":48},"end":{"line":131,"column":null}},{"start":{"line":133,"column":48},"end":{"line":149,"column":null}}],"line":123},"2":{"loc":{"start":{"line":141,"column":56},"end":{"line":144,"column":null}},"type":"if","locations":[{"start":{"line":141,"column":56},"end":{"line":144,"column":null}},{"start":{},"end":{}}],"line":141},"3":{"loc":{"start":{"line":141,"column":60},"end":{"line":141,"column":96}},"type":"binary-expr","locations":[{"start":{"line":141,"column":60},"end":{"line":141,"column":81}},{"start":{"line":141,"column":81},"end":{"line":141,"column":96}}],"line":141},"4":{"loc":{"start":{"line":151,"column":45},"end":{"line":162,"column":null}},"type":"binary-expr","locations":[{"start":{"line":151,"column":45},"end":{"line":151,"column":null}},{"start":{"line":152,"column":48},"end":{"line":162,"column":null}}],"line":151},"5":{"loc":{"start":{"line":155,"column":64},"end":{"line":155,"column":null}},"type":"cond-expr","locations":[{"start":{"line":155,"column":101},"end":{"line":155,"column":119}},{"start":{"line":155,"column":119},"end":{"line":155,"column":null}}],"line":155},"6":{"loc":{"start":{"line":157,"column":53},"end":{"line":160,"column":null}},"type":"cond-expr","locations":[{"start":{"line":158,"column":56},"end":{"line":158,"column":null}},{"start":{"line":160,"column":56},"end":{"line":160,"column":null}}],"line":157},"7":{"loc":{"start":{"line":166,"column":37},"end":{"line":177,"column":null}},"type":"binary-expr","locations":[{"start":{"line":166,"column":37},"end":{"line":166,"column":65}},{"start":{"line":166,"column":65},"end":{"line":166,"column":null}},{"start":{"line":167,"column":40},"end":{"line":177,"column":null}}],"line":166}},"s":{"0":1,"1":15,"2":15,"3":4,"4":4,"5":1,"6":15,"7":15,"8":15,"9":60,"10":4,"11":0,"12":0,"13":0,"14":0,"15":12,"16":60},"f":{"0":15,"1":4,"2":4,"3":1,"4":60,"5":4,"6":0,"7":0,"8":12,"9":60},"b":{"0":[1,3],"1":[45,15],"2":[0,0],"3":[0,0],"4":[60,15],"5":[3,12],"6":[3,12],"7":[60,15,3]},"meta":{"lastBranch":8,"lastFunction":10,"lastStatement":17,"seen":{"s:31:19:206:Infinity":0,"f:31:19:31:25":0,"s:32:42:32:Infinity":1,"s:34:25:40:Infinity":2,"f:34:25:34:26":1,"s:35:8:39:Infinity":3,"f:35:25:35:Infinity":2,"s:36:12:38:Infinity":4,"b:37:18:37:Infinity:38:18:38:Infinity":0,"f:37:30:37:35":3,"s:37:35:37:45":5,"s:42:22:76:Infinity":6,"s:78:24:99:Infinity":7,"s:101:4:204:Infinity":8,"f:119:43:119:44":4,"s:120:32:179:Infinity":9,"b:124:48:131:Infinity:133:48:149:Infinity":1,"f:135:61:135:67":5,"s:135:67:135:Infinity":10,"f:140:63:140:64":6,"b:141:56:144:Infinity:undefined:undefined:undefined:undefined":2,"s:141:56:144:Infinity":11,"b:141:60:141:81:141:81:141:96":3,"s:142:60:142:Infinity":12,"s:143:60:143:Infinity":13,"b:151:45:151:Infinity:152:48:162:Infinity":4,"f:153:61:153:67":7,"s:153:67:153:Infinity":14,"b:155:101:155:119:155:119:155:Infinity":5,"b:158:56:158:Infinity:160:56:160:Infinity":6,"b:166:37:166:65:166:65:166:Infinity:167:40:177:Infinity":7,"f:168:63:168:64":8,"s:169:48:175:Infinity":15,"f:192:41:192:42":9,"s:193:28:199:Infinity":16}}}
,"C:\\Users\\hp\\OneDrive\\Bureau\\foodify\\src\\components\\custom\\footer.tsx": {"path":"C:\\Users\\hp\\OneDrive\\Bureau\\foodify\\src\\components\\custom\\footer.tsx","statementMap":{"0":{"start":{"line":5,"column":15},"end":{"line":151,"column":null}},"1":{"start":{"line":6,"column":2},"end":{"line":149,"column":null}}},"fnMap":{"0":{"name":"(anonymous_0)","decl":{"start":{"line":5,"column":15},"end":{"line":5,"column":21}},"loc":{"start":{"line":5,"column":21},"end":{"line":151,"column":null}},"line":5}},"branchMap":{},"s":{"0":1,"1":3},"f":{"0":3},"b":{},"meta":{"lastBranch":0,"lastFunction":1,"lastStatement":2,"seen":{"s:5:15:151:Infinity":0,"f:5:15:5:21":0,"s:6:2:149:Infinity":1}}}
,"C:\\Users\\hp\\OneDrive\\Bureau\\foodify\\src\\components\\custom\\header.tsx": {"path":"C:\\Users\\hp\\OneDrive\\Bureau\\foodify\\src\\components\\custom\\header.tsx","statementMap":{"0":{"start":{"line":6,"column":15},"end":{"line":106,"column":null}},"1":{"start":{"line":8,"column":24},"end":{"line":8,"column":null}},"2":{"start":{"line":10,"column":4},"end":{"line":104,"column":null}}},"fnMap":{"0":{"name":"(anonymous_0)","decl":{"start":{"line":6,"column":15},"end":{"line":6,"column":21}},"loc":{"start":{"line":6,"column":21},"end":{"line":106,"column":null}},"line":6}},"branchMap":{},"s":{"0":1,"1":8,"2":8},"f":{"0":8},"b":{},"meta":{"lastBranch":0,"lastFunction":1,"lastStatement":3,"seen":{"s:6:15:106:Infinity":0,"f:6:15:6:21":0,"s:8:24:8:Infinity":1,"s:10:4:104:Infinity":2}}}
,"C:\\Users\\hp\\OneDrive\\Bureau\\foodify\\src\\components\\ui\\button.tsx": {"path":"C:\\Users\\hp\\OneDrive\\Bureau\\foodify\\src\\components\\ui\\button.tsx","statementMap":{"0":{"start":{"line":7,"column":6},"end":{"line":37,"column":null}},"1":{"start":{"line":49,"column":15},"end":{"line":49,"column":null}},"2":{"start":{"line":51,"column":2},"end":{"line":56,"column":null}}},"fnMap":{"0":{"name":"Button","decl":{"start":{"line":39,"column":9},"end":{"line":39,"column":16}},"loc":{"start":{"line":48,"column":5},"end":{"line":58,"column":null}},"line":48}},"branchMap":{"0":{"loc":{"start":{"line":43,"column":2},"end":{"line":43,"column":null}},"type":"default-arg","locations":[{"start":{"line":43,"column":12},"end":{"line":43,"column":null}}],"line":43},"1":{"loc":{"start":{"line":49,"column":15},"end":{"line":49,"column":null}},"type":"cond-expr","locations":[{"start":{"line":49,"column":25},"end":{"line":49,"column":32}},{"start":{"line":49,"column":32},"end":{"line":49,"column":null}}],"line":49}},"s":{"0":4,"1":49,"2":49},"f":{"0":49},"b":{"0":[49],"1":[0,49]},"meta":{"lastBranch":2,"lastFunction":1,"lastStatement":3,"seen":{"s:7:6:37:Infinity":0,"f:39:9:39:16":0,"b:43:12:43:Infinity":0,"s:49:15:49:Infinity":1,"b:49:25:49:32:49:32:49:Infinity":1,"s:51:2:56:Infinity":2}}}
,"C:\\Users\\hp\\OneDrive\\Bureau\\foodify\\src\\components\\ui\\card.tsx": {"path":"C:\\Users\\hp\\OneDrive\\Bureau\\foodify\\src\\components\\ui\\card.tsx","statementMap":{"0":{"start":{"line":6,"column":2},"end":{"line":14,"column":null}},"1":{"start":{"line":19,"column":2},"end":{"line":27,"column":null}},"2":{"start":{"line":32,"column":2},"end":{"line":37,"column":null}},"3":{"start":{"line":42,"column":2},"end":{"line":47,"column":null}},"4":{"start":{"line":52,"column":2},"end":{"line":60,"column":null}},"5":{"start":{"line":65,"column":2},"end":{"line":70,"column":null}},"6":{"start":{"line":75,"column":2},"end":{"line":80,"column":null}}},"fnMap":{"0":{"name":"Card","decl":{"start":{"line":5,"column":9},"end":{"line":5,"column":14}},"loc":{"start":{"line":5,"column":68},"end":{"line":16,"column":null}},"line":5},"1":{"name":"CardHeader","decl":{"start":{"line":18,"column":9},"end":{"line":18,"column":20}},"loc":{"start":{"line":18,"column":74},"end":{"line":29,"column":null}},"line":18},"2":{"name":"CardTitle","decl":{"start":{"line":31,"column":9},"end":{"line":31,"column":19}},"loc":{"start":{"line":31,"column":73},"end":{"line":39,"column":null}},"line":31},"3":{"name":"CardDescription","decl":{"start":{"line":41,"column":9},"end":{"line":41,"column":25}},"loc":{"start":{"line":41,"column":79},"end":{"line":49,"column":null}},"line":41},"4":{"name":"CardAction","decl":{"start":{"line":51,"column":9},"end":{"line":51,"column":20}},"loc":{"start":{"line":51,"column":74},"end":{"line":62,"column":null}},"line":51},"5":{"name":"CardContent","decl":{"start":{"line":64,"column":9},"end":{"line":64,"column":21}},"loc":{"start":{"line":64,"column":75},"end":{"line":72,"column":null}},"line":64},"6":{"name":"CardFooter","decl":{"start":{"line":74,"column":9},"end":{"line":74,"column":20}},"loc":{"start":{"line":74,"column":74},"end":{"line":82,"column":null}},"line":74}},"branchMap":{},"s":{"0":9,"1":0,"2":0,"3":0,"4":0,"5":0,"6":0},"f":{"0":9,"1":0,"2":0,"3":0,"4":0,"5":0,"6":0},"b":{},"meta":{"lastBranch":0,"lastFunction":7,"lastStatement":7,"seen":{"f:5:9:5:14":0,"s:6:2:14:Infinity":0,"f:18:9:18:20":1,"s:19:2:27:Infinity":1,"f:31:9:31:19":2,"s:32:2:37:Infinity":2,"f:41:9:41:25":3,"s:42:2:47:Infinity":3,"f:51:9:51:20":4,"s:52:2:60:Infinity":4,"f:64:9:64:21":5,"s:65:2:70:Infinity":5,"f:74:9:74:20":6,"s:75:2:80:Infinity":6}}}
,"C:\\Users\\hp\\OneDrive\\Bureau\\foodify\\src\\components\\ui\\field.tsx": {"path":"C:\\Users\\hp\\OneDrive\\Bureau\\foodify\\src\\components\\ui\\field.tsx","statementMap":{"0":{"start":{"line":9,"column":2},"end":{"line":18,"column":null}},"1":{"start":{"line":27,"column":2},"end":{"line":38,"column":null}},"2":{"start":{"line":43,"column":2},"end":{"line":51,"column":null}},"3":{"start":{"line":55,"column":6},"end":{"line":77,"column":null}},"4":{"start":{"line":84,"column":2},"end":{"line":91,"column":null}},"5":{"start":{"line":96,"column":2},"end":{"line":104,"column":null}},"6":{"start":{"line":112,"column":2},"end":{"line":122,"column":null}},"7":{"start":{"line":127,"column":2},"end":{"line":135,"column":null}},"8":{"start":{"line":140,"column":2},"end":{"line":150,"column":null}},"9":{"start":{"line":161,"column":2},"end":{"line":180,"column":null}},"10":{"start":{"line":192,"column":8},"end":{"line":217,"column":null}},"11":{"start":{"line":193,"column":4},"end":{"line":195,"column":null}},"12":{"start":{"line":194,"column":6},"end":{"line":194,"column":null}},"13":{"start":{"line":197,"column":4},"end":{"line":199,"column":null}},"14":{"start":{"line":198,"column":6},"end":{"line":198,"column":null}},"15":{"start":{"line":201,"column":25},"end":{"line":203,"column":null}},"16":{"start":{"line":202,"column":39},"end":{"line":202,"column":62}},"17":{"start":{"line":205,"column":4},"end":{"line":207,"column":null}},"18":{"start":{"line":206,"column":6},"end":{"line":206,"column":null}},"19":{"start":{"line":209,"column":4},"end":{"line":215,"column":null}},"20":{"start":{"line":213,"column":12},"end":{"line":213,"column":null}},"21":{"start":{"line":219,"column":2},"end":{"line":221,"column":null}},"22":{"start":{"line":220,"column":4},"end":{"line":220,"column":null}},"23":{"start":{"line":223,"column":2},"end":{"line":231,"column":null}}},"fnMap":{"0":{"name":"FieldSet","decl":{"start":{"line":8,"column":9},"end":{"line":8,"column":18}},"loc":{"start":{"line":8,"column":77},"end":{"line":20,"column":null}},"line":8},"1":{"name":"FieldLegend","decl":{"start":{"line":22,"column":9},"end":{"line":22,"column":21}},"loc":{"start":{"line":26,"column":70},"end":{"line":40,"column":null}},"line":26},"2":{"name":"FieldGroup","decl":{"start":{"line":42,"column":9},"end":{"line":42,"column":20}},"loc":{"start":{"line":42,"column":74},"end":{"line":53,"column":null}},"line":42},"3":{"name":"Field","decl":{"start":{"line":79,"column":9},"end":{"line":79,"column":15}},"loc":{"start":{"line":83,"column":69},"end":{"line":93,"column":null}},"line":83},"4":{"name":"FieldContent","decl":{"start":{"line":95,"column":9},"end":{"line":95,"column":22}},"loc":{"start":{"line":95,"column":76},"end":{"line":106,"column":null}},"line":95},"5":{"name":"FieldLabel","decl":{"start":{"line":108,"column":9},"end":{"line":108,"column":20}},"loc":{"start":{"line":111,"column":39},"end":{"line":124,"column":null}},"line":111},"6":{"name":"FieldTitle","decl":{"start":{"line":126,"column":9},"end":{"line":126,"column":20}},"loc":{"start":{"line":126,"column":74},"end":{"line":137,"column":null}},"line":126},"7":{"name":"FieldDescription","decl":{"start":{"line":139,"column":9},"end":{"line":139,"column":26}},"loc":{"start":{"line":139,"column":78},"end":{"line":152,"column":null}},"line":139},"8":{"name":"FieldSeparator","decl":{"start":{"line":154,"column":9},"end":{"line":154,"column":24}},"loc":{"start":{"line":160,"column":3},"end":{"line":182,"column":null}},"line":160},"9":{"name":"FieldError","decl":{"start":{"line":184,"column":9},"end":{"line":184,"column":20}},"loc":{"start":{"line":191,"column":3},"end":{"line":233,"column":null}},"line":191},"10":{"name":"(anonymous_10)","decl":{"start":{"line":192,"column":26},"end":{"line":192,"column":32}},"loc":{"start":{"line":192,"column":32},"end":{"line":217,"column":5}},"line":192},"11":{"name":"(anonymous_11)","decl":{"start":{"line":202,"column":28},"end":{"line":202,"column":29}},"loc":{"start":{"line":202,"column":39},"end":{"line":202,"column":62}},"line":202},"12":{"name":"(anonymous_12)","decl":{"start":{"line":212,"column":10},"end":{"line":212,"column":11}},"loc":{"start":{"line":213,"column":12},"end":{"line":213,"column":null}},"line":213}},"branchMap":{"0":{"loc":{"start":{"line":24,"column":2},"end":{"line":24,"column":null}},"type":"default-arg","locations":[{"start":{"line":24,"column":12},"end":{"line":24,"column":null}}],"line":24},"1":{"loc":{"start":{"line":81,"column":2},"end":{"line":81,"column":null}},"type":"default-arg","locations":[{"start":{"line":81,"column":16},"end":{"line":81,"column":null}}],"line":81},"2":{"loc":{"start":{"line":172,"column":7},"end":{"line":178,"column":null}},"type":"binary-expr","locations":[{"start":{"line":172,"column":7},"end":{"line":172,"column":null}},{"start":{"line":173,"column":8},"end":{"line":178,"column":null}}],"line":172},"3":{"loc":{"start":{"line":193,"column":4},"end":{"line":195,"column":null}},"type":"if","locations":[{"start":{"line":193,"column":4},"end":{"line":195,"column":null}},{"start":{},"end":{}}],"line":193},"4":{"loc":{"start":{"line":197,"column":4},"end":{"line":199,"column":null}},"type":"if","locations":[{"start":{"line":197,"column":4},"end":{"line":199,"column":null}},{"start":{},"end":{}}],"line":197},"5":{"loc":{"start":{"line":205,"column":4},"end":{"line":207,"column":null}},"type":"if","locations":[{"start":{"line":205,"column":4},"end":{"line":207,"column":null}},{"start":{},"end":{}}],"line":205},"6":{"loc":{"start":{"line":213,"column":12},"end":{"line":213,"column":null}},"type":"binary-expr","locations":[{"start":{"line":213,"column":12},"end":{"line":213,"column":30}},{"start":{"line":213,"column":30},"end":{"line":213,"column":null}}],"line":213},"7":{"loc":{"start":{"line":219,"column":2},"end":{"line":221,"column":null}},"type":"if","locations":[{"start":{"line":219,"column":2},"end":{"line":221,"column":null}},{"start":{},"end":{}}],"line":219}},"s":{"0":0,"1":0,"2":9,"3":2,"4":44,"5":0,"6":26,"7":0,"8":9,"9":0,"10":0,"11":0,"12":0,"13":0,"14":0,"15":0,"16":0,"17":0,"18":0,"19":0,"20":0,"21":0,"22":0,"23":0},"f":{"0":0,"1":0,"2":9,"3":44,"4":0,"5":26,"6":0,"7":9,"8":0,"9":0,"10":0,"11":0,"12":0},"b":{"0":[0],"1":[44],"2":[0,0],"3":[0,0],"4":[0,0],"5":[0,0],"6":[0,0],"7":[0,0]},"meta":{"lastBranch":8,"lastFunction":13,"lastStatement":24,"seen":{"f:8:9:8:18":0,"s:9:2:18:Infinity":0,"f:22:9:22:21":1,"b:24:12:24:Infinity":0,"s:27:2:38:Infinity":1,"f:42:9:42:20":2,"s:43:2:51:Infinity":2,"s:55:6:77:Infinity":3,"f:79:9:79:15":3,"b:81:16:81:Infinity":1,"s:84:2:91:Infinity":4,"f:95:9:95:22":4,"s:96:2:104:Infinity":5,"f:108:9:108:20":5,"s:112:2:122:Infinity":6,"f:126:9:126:20":6,"s:127:2:135:Infinity":7,"f:139:9:139:26":7,"s:140:2:150:Infinity":8,"f:154:9:154:24":8,"s:161:2:180:Infinity":9,"b:172:7:172:Infinity:173:8:178:Infinity":2,"f:184:9:184:20":9,"s:192:8:217:Infinity":10,"f:192:26:192:32":10,"b:193:4:195:Infinity:undefined:undefined:undefined:undefined":3,"s:193:4:195:Infinity":11,"s:194:6:194:Infinity":12,"b:197:4:199:Infinity:undefined:undefined:undefined:undefined":4,"s:197:4:199:Infinity":13,"s:198:6:198:Infinity":14,"s:201:25:203:Infinity":15,"f:202:28:202:29":11,"s:202:39:202:62":16,"b:205:4:207:Infinity:undefined:undefined:undefined:undefined":5,"s:205:4:207:Infinity":17,"s:206:6:206:Infinity":18,"s:209:4:215:Infinity":19,"f:212:10:212:11":12,"s:213:12:213:Infinity":20,"b:213:12:213:30:213:30:213:Infinity":6,"b:219:2:221:Infinity:undefined:undefined:undefined:undefined":7,"s:219:2:221:Infinity":21,"s:220:4:220:Infinity":22,"s:223:2:231:Infinity":23}}}
,"C:\\Users\\hp\\OneDrive\\Bureau\\foodify\\src\\components\\ui\\input.tsx": {"path":"C:\\Users\\hp\\OneDrive\\Bureau\\foodify\\src\\components\\ui\\input.tsx","statementMap":{"0":{"start":{"line":6,"column":2},"end":{"line":17,"column":null}}},"fnMap":{"0":{"name":"Input","decl":{"start":{"line":5,"column":9},"end":{"line":5,"column":15}},"loc":{"start":{"line":5,"column":77},"end":{"line":19,"column":null}},"line":5}},"branchMap":{},"s":{"0":26},"f":{"0":26},"b":{},"meta":{"lastBranch":0,"lastFunction":1,"lastStatement":1,"seen":{"f:5:9:5:15":0,"s:6:2:17:Infinity":0}}}
,"C:\\Users\\hp\\OneDrive\\Bureau\\foodify\\src\\components\\ui\\label.tsx": {"path":"C:\\Users\\hp\\OneDrive\\Bureau\\foodify\\src\\components\\ui\\label.tsx","statementMap":{"0":{"start":{"line":10,"column":2},"end":{"line":18,"column":null}}},"fnMap":{"0":{"name":"Label","decl":{"start":{"line":6,"column":9},"end":{"line":6,"column":15}},"loc":{"start":{"line":9,"column":53},"end":{"line":20,"column":null}},"line":9}},"branchMap":{},"s":{"0":26},"f":{"0":26},"b":{},"meta":{"lastBranch":0,"lastFunction":1,"lastStatement":1,"seen":{"f:6:9:6:15":0,"s:10:2:18:Infinity":0}}}
,"C:\\Users\\hp\\OneDrive\\Bureau\\foodify\\src\\components\\ui\\separator.tsx": {"path":"C:\\Users\\hp\\OneDrive\\Bureau\\foodify\\src\\components\\ui\\separator.tsx","statementMap":{"0":{"start":{"line":12,"column":2},"end":{"line":22,"column":null}}},"fnMap":{"0":{"name":"Separator","decl":{"start":{"line":6,"column":9},"end":{"line":6,"column":19}},"loc":{"start":{"line":11,"column":57},"end":{"line":24,"column":null}},"line":11}},"branchMap":{"0":{"loc":{"start":{"line":8,"column":2},"end":{"line":8,"column":null}},"type":"default-arg","locations":[{"start":{"line":8,"column":16},"end":{"line":8,"column":null}}],"line":8},"1":{"loc":{"start":{"line":9,"column":2},"end":{"line":9,"column":null}},"type":"default-arg","locations":[{"start":{"line":9,"column":15},"end":{"line":9,"column":null}}],"line":9}},"s":{"0":15},"f":{"0":15},"b":{"0":[15],"1":[15]},"meta":{"lastBranch":2,"lastFunction":1,"lastStatement":1,"seen":{"f:6:9:6:19":0,"b:8:16:8:Infinity":0,"b:9:15:9:Infinity":1,"s:12:2:22:Infinity":0}}}
,"C:\\Users\\hp\\OneDrive\\Bureau\\foodify\\src\\components\\ui\\sheet.tsx": {"path":"C:\\Users\\hp\\OneDrive\\Bureau\\foodify\\src\\components\\ui\\sheet.tsx","statementMap":{"0":{"start":{"line":10,"column":2},"end":{"line":10,"column":null}},"1":{"start":{"line":16,"column":2},"end":{"line":16,"column":null}},"2":{"start":{"line":22,"column":2},"end":{"line":22,"column":null}},"3":{"start":{"line":28,"column":2},"end":{"line":28,"column":null}},"4":{"start":{"line":35,"column":2},"end":{"line":43,"column":null}},"5":{"start":{"line":55,"column":2},"end":{"line":80,"column":null}},"6":{"start":{"line":85,"column":2},"end":{"line":90,"column":null}},"7":{"start":{"line":95,"column":2},"end":{"line":100,"column":null}},"8":{"start":{"line":108,"column":2},"end":{"line":113,"column":null}},"9":{"start":{"line":121,"column":2},"end":{"line":126,"column":null}}},"fnMap":{"0":{"name":"Sheet","decl":{"start":{"line":9,"column":9},"end":{"line":9,"column":15}},"loc":{"start":{"line":9,"column":79},"end":{"line":11,"column":null}},"line":9},"1":{"name":"SheetTrigger","decl":{"start":{"line":13,"column":9},"end":{"line":13,"column":22}},"loc":{"start":{"line":15,"column":56},"end":{"line":17,"column":null}},"line":15},"2":{"name":"SheetClose","decl":{"start":{"line":19,"column":9},"end":{"line":19,"column":20}},"loc":{"start":{"line":21,"column":54},"end":{"line":23,"column":null}},"line":21},"3":{"name":"SheetPortal","decl":{"start":{"line":25,"column":9},"end":{"line":25,"column":21}},"loc":{"start":{"line":27,"column":55},"end":{"line":29,"column":null}},"line":27},"4":{"name":"SheetOverlay","decl":{"start":{"line":31,"column":9},"end":{"line":31,"column":22}},"loc":{"start":{"line":34,"column":56},"end":{"line":45,"column":null}},"line":34},"5":{"name":"SheetContent","decl":{"start":{"line":47,"column":9},"end":{"line":47,"column":22}},"loc":{"start":{"line":54,"column":3},"end":{"line":82,"column":null}},"line":54},"6":{"name":"SheetHeader","decl":{"start":{"line":84,"column":9},"end":{"line":84,"column":21}},"loc":{"start":{"line":84,"column":75},"end":{"line":92,"column":null}},"line":84},"7":{"name":"SheetFooter","decl":{"start":{"line":94,"column":9},"end":{"line":94,"column":21}},"loc":{"start":{"line":94,"column":75},"end":{"line":102,"column":null}},"line":94},"8":{"name":"SheetTitle","decl":{"start":{"line":104,"column":9},"end":{"line":104,"column":20}},"loc":{"start":{"line":107,"column":54},"end":{"line":115,"column":null}},"line":107},"9":{"name":"SheetDescription","decl":{"start":{"line":117,"column":9},"end":{"line":117,"column":26}},"loc":{"start":{"line":120,"column":60},"end":{"line":128,"column":null}},"line":120}},"branchMap":{"0":{"loc":{"start":{"line":50,"column":2},"end":{"line":50,"column":null}},"type":"default-arg","locations":[{"start":{"line":50,"column":9},"end":{"line":50,"column":null}}],"line":50},"1":{"loc":{"start":{"line":62,"column":10},"end":{"line":63,"column":null}},"type":"binary-expr","locations":[{"start":{"line":62,"column":10},"end":{"line":62,"column":null}},{"start":{"line":63,"column":12},"end":{"line":63,"column":null}}],"line":62},"2":{"loc":{"start":{"line":64,"column":10},"end":{"line":65,"column":null}},"type":"binary-expr","locations":[{"start":{"line":64,"column":10},"end":{"line":64,"column":null}},{"start":{"line":65,"column":12},"end":{"line":65,"column":null}}],"line":64},"3":{"loc":{"start":{"line":66,"column":10},"end":{"line":67,"column":null}},"type":"binary-expr","locations":[{"start":{"line":66,"column":10},"end":{"line":66,"column":null}},{"start":{"line":67,"column":12},"end":{"line":67,"column":null}}],"line":66},"4":{"loc":{"start":{"line":68,"column":10},"end":{"line":69,"column":null}},"type":"binary-expr","locations":[{"start":{"line":68,"column":10},"end":{"line":68,"column":null}},{"start":{"line":69,"column":12},"end":{"line":69,"column":null}}],"line":68}},"s":{"0":0,"1":0,"2":0,"3":0,"4":0,"5":0,"6":0,"7":0,"8":0,"9":0},"f":{"0":0,"1":0,"2":0,"3":0,"4":0,"5":0,"6":0,"7":0,"8":0,"9":0},"b":{"0":[0],"1":[0,0],"2":[0,0],"3":[0,0],"4":[0,0]},"meta":{"lastBranch":5,"lastFunction":10,"lastStatement":10,"seen":{"f:9:9:9:15":0,"s:10:2:10:Infinity":0,"f:13:9:13:22":1,"s:16:2:16:Infinity":1,"f:19:9:19:20":2,"s:22:2:22:Infinity":2,"f:25:9:25:21":3,"s:28:2:28:Infinity":3,"f:31:9:31:22":4,"s:35:2:43:Infinity":4,"f:47:9:47:22":5,"b:50:9:50:Infinity":0,"s:55:2:80:Infinity":5,"b:62:10:62:Infinity:63:12:63:Infinity":1,"b:64:10:64:Infinity:65:12:65:Infinity":2,"b:66:10:66:Infinity:67:12:67:Infinity":3,"b:68:10:68:Infinity:69:12:69:Infinity":4,"f:84:9:84:21":6,"s:85:2:90:Infinity":6,"f:94:9:94:21":7,"s:95:2:100:Infinity":7,"f:104:9:104:20":8,"s:108:2:113:Infinity":8,"f:117:9:117:26":9,"s:121:2:126:Infinity":9}}}
,"C:\\Users\\hp\\OneDrive\\Bureau\\foodify\\src\\components\\ui\\sidebar.tsx": {"path":"C:\\Users\\hp\\OneDrive\\Bureau\\foodify\\src\\components\\ui\\sidebar.tsx","statementMap":{"0":{"start":{"line":26,"column":28},"end":{"line":26,"column":null}},"1":{"start":{"line":27,"column":31},"end":{"line":27,"column":null}},"2":{"start":{"line":28,"column":22},"end":{"line":28,"column":null}},"3":{"start":{"line":29,"column":29},"end":{"line":29,"column":null}},"4":{"start":{"line":30,"column":27},"end":{"line":30,"column":null}},"5":{"start":{"line":31,"column":34},"end":{"line":31,"column":null}},"6":{"start":{"line":43,"column":23},"end":{"line":43,"column":null}},"7":{"start":{"line":46,"column":18},"end":{"line":46,"column":null}},"8":{"start":{"line":47,"column":2},"end":{"line":49,"column":null}},"9":{"start":{"line":48,"column":4},"end":{"line":48,"column":null}},"10":{"start":{"line":51,"column":2},"end":{"line":51,"column":null}},"11":{"start":{"line":67,"column":8},"end":{"line":67,"column":null}},"12":{"start":{"line":68,"column":38},"end":{"line":68,"column":null}},"13":{"start":{"line":72,"column":28},"end":{"line":72,"column":null}},"14":{"start":{"line":73,"column":15},"end":{"line":73,"column":null}},"15":{"start":{"line":74,"column":18},"end":{"line":87,"column":null}},"16":{"start":{"line":76,"column":24},"end":{"line":76,"column":null}},"17":{"start":{"line":77,"column":6},"end":{"line":81,"column":null}},"18":{"start":{"line":78,"column":8},"end":{"line":78,"column":null}},"19":{"start":{"line":80,"column":8},"end":{"line":80,"column":null}},"20":{"start":{"line":84,"column":6},"end":{"line":84,"column":null}},"21":{"start":{"line":90,"column":24},"end":{"line":92,"column":null}},"22":{"start":{"line":91,"column":4},"end":{"line":91,"column":null}},"23":{"start":{"line":91,"column":46},"end":{"line":91,"column":51}},"24":{"start":{"line":91,"column":73},"end":{"line":91,"column":78}},"25":{"start":{"line":95,"column":2},"end":{"line":108,"column":null}},"26":{"start":{"line":96,"column":26},"end":{"line":104,"column":null}},"27":{"start":{"line":97,"column":6},"end":{"line":103,"column":null}},"28":{"start":{"line":101,"column":8},"end":{"line":101,"column":null}},"29":{"start":{"line":102,"column":8},"end":{"line":102,"column":null}},"30":{"start":{"line":106,"column":4},"end":{"line":106,"column":null}},"31":{"start":{"line":107,"column":4},"end":{"line":107,"column":null}},"32":{"start":{"line":107,"column":17},"end":{"line":107,"column":null}},"33":{"start":{"line":112,"column":16},"end":{"line":112,"column":null}},"34":{"start":{"line":114,"column":23},"end":{"line":125,"column":null}},"35":{"start":{"line":115,"column":11},"end":{"line":123,"column":null}},"36":{"start":{"line":127,"column":2},"end":{"line":148,"column":null}},"37":{"start":{"line":164,"column":57},"end":{"line":164,"column":null}},"38":{"start":{"line":166,"column":2},"end":{"line":179,"column":null}},"39":{"start":{"line":167,"column":4},"end":{"line":177,"column":null}},"40":{"start":{"line":181,"column":2},"end":{"line":204,"column":null}},"41":{"start":{"line":182,"column":4},"end":{"line":202,"column":null}},"42":{"start":{"line":206,"column":2},"end":{"line":250,"column":null}},"43":{"start":{"line":259,"column":28},"end":{"line":259,"column":null}},"44":{"start":{"line":261,"column":2},"end":{"line":276,"column":null}},"45":{"start":{"line":269,"column":8},"end":{"line":269,"column":null}},"46":{"start":{"line":270,"column":8},"end":{"line":270,"column":null}},"47":{"start":{"line":281,"column":28},"end":{"line":281,"column":null}},"48":{"start":{"line":283,"column":2},"end":{"line":301,"column":null}},"49":{"start":{"line":306,"column":2},"end":{"line":315,"column":null}},"50":{"start":{"line":323,"column":2},"end":{"line":329,"column":null}},"51":{"start":{"line":334,"column":2},"end":{"line":340,"column":null}},"52":{"start":{"line":345,"column":2},"end":{"line":351,"column":null}},"53":{"start":{"line":359,"column":2},"end":{"line":365,"column":null}},"54":{"start":{"line":370,"column":2},"end":{"line":379,"column":null}},"55":{"start":{"line":384,"column":2},"end":{"line":390,"column":null}},"56":{"start":{"line":399,"column":15},"end":{"line":399,"column":null}},"57":{"start":{"line":401,"column":2},"end":{"line":411,"column":null}},"58":{"start":{"line":420,"column":15},"end":{"line":420,"column":null}},"59":{"start":{"line":422,"column":2},"end":{"line":434,"column":null}},"60":{"start":{"line":442,"column":2},"end":{"line":448,"column":null}},"61":{"start":{"line":453,"column":2},"end":{"line":459,"column":null}},"62":{"start":{"line":464,"column":2},"end":{"line":470,"column":null}},"63":{"start":{"line":474,"column":6},"end":{"line":494,"column":null}},"64":{"start":{"line":509,"column":15},"end":{"line":509,"column":null}},"65":{"start":{"line":510,"column":30},"end":{"line":510,"column":null}},"66":{"start":{"line":513,"column":4},"end":{"line":520,"column":null}},"67":{"start":{"line":523,"column":2},"end":{"line":525,"column":null}},"68":{"start":{"line":524,"column":4},"end":{"line":524,"column":null}},"69":{"start":{"line":527,"column":2},"end":{"line":531,"column":null}},"70":{"start":{"line":528,"column":4},"end":{"line":530,"column":null}},"71":{"start":{"line":533,"column":2},"end":{"line":542,"column":null}},"72":{"start":{"line":555,"column":15},"end":{"line":555,"column":null}},"73":{"start":{"line":557,"column":2},"end":{"line":574,"column":null}},"74":{"start":{"line":582,"column":2},"end":{"line":596,"column":null}},"75":{"start":{"line":608,"column":16},"end":{"line":610,"column":null}},"76":{"start":{"line":609,"column":4},"end":{"line":609,"column":null}},"77":{"start":{"line":612,"column":2},"end":{"line":634,"column":null}},"78":{"start":{"line":639,"column":2},"end":{"line":649,"column":null}},"79":{"start":{"line":657,"column":2},"end":{"line":663,"column":null}},"80":{"start":{"line":678,"column":15},"end":{"line":678,"column":null}},"81":{"start":{"line":680,"column":2},"end":{"line":695,"column":null}}},"fnMap":{"0":{"name":"useSidebar","decl":{"start":{"line":45,"column":9},"end":{"line":45,"column":22}},"loc":{"start":{"line":45,"column":22},"end":{"line":52,"column":null}},"line":45},"1":{"name":"SidebarProvider","decl":{"start":{"line":54,"column":9},"end":{"line":54,"column":25}},"loc":{"start":{"line":66,"column":3},"end":{"line":150,"column":null}},"line":66},"2":{"name":"(anonymous_2)","decl":{"start":{"line":75,"column":4},"end":{"line":75,"column":5}},"loc":{"start":{"line":75,"column":56},"end":{"line":85,"column":null}},"line":75},"3":{"name":"(anonymous_3)","decl":{"start":{"line":90,"column":42},"end":{"line":90,"column":48}},"loc":{"start":{"line":90,"column":48},"end":{"line":92,"column":5}},"line":90},"4":{"name":"(anonymous_4)","decl":{"start":{"line":91,"column":36},"end":{"line":91,"column":37}},"loc":{"start":{"line":91,"column":46},"end":{"line":91,"column":51}},"line":91},"5":{"name":"(anonymous_5)","decl":{"start":{"line":91,"column":63},"end":{"line":91,"column":64}},"loc":{"start":{"line":91,"column":73},"end":{"line":91,"column":78}},"line":91},"6":{"name":"(anonymous_6)","decl":{"start":{"line":95,"column":18},"end":{"line":95,"column":24}},"loc":{"start":{"line":95,"column":24},"end":{"line":108,"column":5}},"line":95},"7":{"name":"(anonymous_7)","decl":{"start":{"line":96,"column":26},"end":{"line":96,"column":27}},"loc":{"start":{"line":96,"column":52},"end":{"line":104,"column":null}},"line":96},"8":{"name":"(anonymous_8)","decl":{"start":{"line":107,"column":11},"end":{"line":107,"column":17}},"loc":{"start":{"line":107,"column":17},"end":{"line":107,"column":null}},"line":107},"9":{"name":"(anonymous_9)","decl":{"start":{"line":115,"column":4},"end":{"line":115,"column":11}},"loc":{"start":{"line":115,"column":11},"end":{"line":123,"column":null}},"line":115},"10":{"name":"Sidebar","decl":{"start":{"line":152,"column":9},"end":{"line":152,"column":17}},"loc":{"start":{"line":163,"column":3},"end":{"line":252,"column":null}},"line":163},"11":{"name":"SidebarTrigger","decl":{"start":{"line":254,"column":9},"end":{"line":254,"column":24}},"loc":{"start":{"line":258,"column":40},"end":{"line":278,"column":null}},"line":258},"12":{"name":"(anonymous_12)","decl":{"start":{"line":268,"column":15},"end":{"line":268,"column":16}},"loc":{"start":{"line":268,"column":26},"end":{"line":271,"column":null}},"line":268},"13":{"name":"SidebarRail","decl":{"start":{"line":280,"column":9},"end":{"line":280,"column":21}},"loc":{"start":{"line":280,"column":78},"end":{"line":303,"column":null}},"line":280},"14":{"name":"SidebarInset","decl":{"start":{"line":305,"column":9},"end":{"line":305,"column":22}},"loc":{"start":{"line":305,"column":77},"end":{"line":317,"column":null}},"line":305},"15":{"name":"SidebarInput","decl":{"start":{"line":319,"column":9},"end":{"line":319,"column":22}},"loc":{"start":{"line":322,"column":39},"end":{"line":331,"column":null}},"line":322},"16":{"name":"SidebarHeader","decl":{"start":{"line":333,"column":9},"end":{"line":333,"column":23}},"loc":{"start":{"line":333,"column":77},"end":{"line":342,"column":null}},"line":333},"17":{"name":"SidebarFooter","decl":{"start":{"line":344,"column":9},"end":{"line":344,"column":23}},"loc":{"start":{"line":344,"column":77},"end":{"line":353,"column":null}},"line":344},"18":{"name":"SidebarSeparator","decl":{"start":{"line":355,"column":9},"end":{"line":355,"column":26}},"loc":{"start":{"line":358,"column":43},"end":{"line":367,"column":null}},"line":358},"19":{"name":"SidebarContent","decl":{"start":{"line":369,"column":9},"end":{"line":369,"column":24}},"loc":{"start":{"line":369,"column":78},"end":{"line":381,"column":null}},"line":369},"20":{"name":"SidebarGroup","decl":{"start":{"line":383,"column":9},"end":{"line":383,"column":22}},"loc":{"start":{"line":383,"column":76},"end":{"line":392,"column":null}},"line":383},"21":{"name":"SidebarGroupLabel","decl":{"start":{"line":394,"column":9},"end":{"line":394,"column":27}},"loc":{"start":{"line":398,"column":56},"end":{"line":413,"column":null}},"line":398},"22":{"name":"SidebarGroupAction","decl":{"start":{"line":415,"column":9},"end":{"line":415,"column":28}},"loc":{"start":{"line":419,"column":59},"end":{"line":436,"column":null}},"line":419},"23":{"name":"SidebarGroupContent","decl":{"start":{"line":438,"column":9},"end":{"line":438,"column":29}},"loc":{"start":{"line":441,"column":32},"end":{"line":450,"column":null}},"line":441},"24":{"name":"SidebarMenu","decl":{"start":{"line":452,"column":9},"end":{"line":452,"column":21}},"loc":{"start":{"line":452,"column":74},"end":{"line":461,"column":null}},"line":452},"25":{"name":"SidebarMenuItem","decl":{"start":{"line":463,"column":9},"end":{"line":463,"column":25}},"loc":{"start":{"line":463,"column":78},"end":{"line":472,"column":null}},"line":463},"26":{"name":"SidebarMenuButton","decl":{"start":{"line":496,"column":9},"end":{"line":496,"column":27}},"loc":{"start":{"line":508,"column":52},"end":{"line":544,"column":null}},"line":508},"27":{"name":"SidebarMenuAction","decl":{"start":{"line":546,"column":9},"end":{"line":546,"column":27}},"loc":{"start":{"line":554,"column":3},"end":{"line":576,"column":null}},"line":554},"28":{"name":"SidebarMenuBadge","decl":{"start":{"line":578,"column":9},"end":{"line":578,"column":26}},"loc":{"start":{"line":581,"column":32},"end":{"line":598,"column":null}},"line":581},"29":{"name":"SidebarMenuSkeleton","decl":{"start":{"line":600,"column":9},"end":{"line":600,"column":29}},"loc":{"start":{"line":606,"column":3},"end":{"line":636,"column":null}},"line":606},"30":{"name":"(anonymous_30)","decl":{"start":{"line":608,"column":30},"end":{"line":608,"column":36}},"loc":{"start":{"line":608,"column":36},"end":{"line":610,"column":5}},"line":608},"31":{"name":"SidebarMenuSub","decl":{"start":{"line":638,"column":9},"end":{"line":638,"column":24}},"loc":{"start":{"line":638,"column":77},"end":{"line":651,"column":null}},"line":638},"32":{"name":"SidebarMenuSubItem","decl":{"start":{"line":653,"column":9},"end":{"line":653,"column":28}},"loc":{"start":{"line":656,"column":31},"end":{"line":665,"column":null}},"line":656},"33":{"name":"SidebarMenuSubButton","decl":{"start":{"line":667,"column":9},"end":{"line":667,"column":30}},"loc":{"start":{"line":677,"column":3},"end":{"line":697,"column":null}},"line":677}},"branchMap":{"0":{"loc":{"start":{"line":47,"column":2},"end":{"line":49,"column":null}},"type":"if","locations":[{"start":{"line":47,"column":2},"end":{"line":49,"column":null}},{"start":{},"end":{}}],"line":47},"1":{"loc":{"start":{"line":55,"column":2},"end":{"line":55,"column":null}},"type":"default-arg","locations":[{"start":{"line":55,"column":16},"end":{"line":55,"column":null}}],"line":55},"2":{"loc":{"start":{"line":73,"column":15},"end":{"line":73,"column":null}},"type":"binary-expr","locations":[{"start":{"line":73,"column":15},"end":{"line":73,"column":27}},{"start":{"line":73,"column":27},"end":{"line":73,"column":null}}],"line":73},"3":{"loc":{"start":{"line":76,"column":24},"end":{"line":76,"column":null}},"type":"cond-expr","locations":[{"start":{"line":76,"column":54},"end":{"line":76,"column":68}},{"start":{"line":76,"column":68},"end":{"line":76,"column":null}}],"line":76},"4":{"loc":{"start":{"line":77,"column":6},"end":{"line":81,"column":null}},"type":"if","locations":[{"start":{"line":77,"column":6},"end":{"line":81,"column":null}},{"start":{"line":79,"column":13},"end":{"line":81,"column":null}}],"line":77},"5":{"loc":{"start":{"line":91,"column":11},"end":{"line":91,"column":null}},"type":"cond-expr","locations":[{"start":{"line":91,"column":22},"end":{"line":91,"column":55}},{"start":{"line":91,"column":55},"end":{"line":91,"column":null}}],"line":91},"6":{"loc":{"start":{"line":97,"column":6},"end":{"line":103,"column":null}},"type":"if","locations":[{"start":{"line":97,"column":6},"end":{"line":103,"column":null}},{"start":{},"end":{}}],"line":97},"7":{"loc":{"start":{"line":98,"column":8},"end":{"line":99,"column":null}},"type":"binary-expr","locations":[{"start":{"line":98,"column":8},"end":{"line":98,"column":null}},{"start":{"line":99,"column":9},"end":{"line":99,"column":26}},{"start":{"line":99,"column":26},"end":{"line":99,"column":null}}],"line":98},"8":{"loc":{"start":{"line":112,"column":16},"end":{"line":112,"column":null}},"type":"cond-expr","locations":[{"start":{"line":112,"column":23},"end":{"line":112,"column":36}},{"start":{"line":112,"column":36},"end":{"line":112,"column":null}}],"line":112},"9":{"loc":{"start":{"line":153,"column":2},"end":{"line":153,"column":null}},"type":"default-arg","locations":[{"start":{"line":153,"column":9},"end":{"line":153,"column":null}}],"line":153},"10":{"loc":{"start":{"line":154,"column":2},"end":{"line":154,"column":null}},"type":"default-arg","locations":[{"start":{"line":154,"column":12},"end":{"line":154,"column":null}}],"line":154},"11":{"loc":{"start":{"line":155,"column":2},"end":{"line":155,"column":null}},"type":"default-arg","locations":[{"start":{"line":155,"column":16},"end":{"line":155,"column":null}}],"line":155},"12":{"loc":{"start":{"line":166,"column":2},"end":{"line":179,"column":null}},"type":"if","locations":[{"start":{"line":166,"column":2},"end":{"line":179,"column":null}},{"start":{},"end":{}}],"line":166},"13":{"loc":{"start":{"line":181,"column":2},"end":{"line":204,"column":null}},"type":"if","locations":[{"start":{"line":181,"column":2},"end":{"line":204,"column":null}},{"start":{},"end":{}}],"line":181},"14":{"loc":{"start":{"line":210,"column":24},"end":{"line":210,"column":null}},"type":"cond-expr","locations":[{"start":{"line":210,"column":48},"end":{"line":210,"column":62}},{"start":{"line":210,"column":62},"end":{"line":210,"column":null}}],"line":210},"15":{"loc":{"start":{"line":222,"column":10},"end":{"line":224,"column":null}},"type":"cond-expr","locations":[{"start":{"line":223,"column":14},"end":{"line":223,"column":null}},{"start":{"line":224,"column":14},"end":{"line":224,"column":null}}],"line":222},"16":{"loc":{"start":{"line":222,"column":10},"end":{"line":222,"column":null}},"type":"binary-expr","locations":[{"start":{"line":222,"column":10},"end":{"line":222,"column":36}},{"start":{"line":222,"column":36},"end":{"line":222,"column":null}}],"line":222},"17":{"loc":{"start":{"line":231,"column":10},"end":{"line":233,"column":null}},"type":"cond-expr","locations":[{"start":{"line":232,"column":14},"end":{"line":232,"column":null}},{"start":{"line":233,"column":14},"end":{"line":233,"column":null}}],"line":231},"18":{"loc":{"start":{"line":235,"column":10},"end":{"line":237,"column":null}},"type":"cond-expr","locations":[{"start":{"line":236,"column":14},"end":{"line":236,"column":null}},{"start":{"line":237,"column":14},"end":{"line":237,"column":null}}],"line":235},"19":{"loc":{"start":{"line":235,"column":10},"end":{"line":235,"column":null}},"type":"binary-expr","locations":[{"start":{"line":235,"column":10},"end":{"line":235,"column":36}},{"start":{"line":235,"column":36},"end":{"line":235,"column":null}}],"line":235},"20":{"loc":{"start":{"line":396,"column":2},"end":{"line":396,"column":null}},"type":"default-arg","locations":[{"start":{"line":396,"column":12},"end":{"line":396,"column":null}}],"line":396},"21":{"loc":{"start":{"line":399,"column":15},"end":{"line":399,"column":null}},"type":"cond-expr","locations":[{"start":{"line":399,"column":25},"end":{"line":399,"column":32}},{"start":{"line":399,"column":32},"end":{"line":399,"column":null}}],"line":399},"22":{"loc":{"start":{"line":417,"column":2},"end":{"line":417,"column":null}},"type":"default-arg","locations":[{"start":{"line":417,"column":12},"end":{"line":417,"column":null}}],"line":417},"23":{"loc":{"start":{"line":420,"column":15},"end":{"line":420,"column":null}},"type":"cond-expr","locations":[{"start":{"line":420,"column":25},"end":{"line":420,"column":32}},{"start":{"line":420,"column":32},"end":{"line":420,"column":null}}],"line":420},"24":{"loc":{"start":{"line":497,"column":2},"end":{"line":497,"column":null}},"type":"default-arg","locations":[{"start":{"line":497,"column":12},"end":{"line":497,"column":null}}],"line":497},"25":{"loc":{"start":{"line":498,"column":2},"end":{"line":498,"column":null}},"type":"default-arg","locations":[{"start":{"line":498,"column":13},"end":{"line":498,"column":null}}],"line":498},"26":{"loc":{"start":{"line":499,"column":2},"end":{"line":499,"column":null}},"type":"default-arg","locations":[{"start":{"line":499,"column":12},"end":{"line":499,"column":null}}],"line":499},"27":{"loc":{"start":{"line":500,"column":2},"end":{"line":500,"column":null}},"type":"default-arg","locations":[{"start":{"line":500,"column":9},"end":{"line":500,"column":null}}],"line":500},"28":{"loc":{"start":{"line":509,"column":15},"end":{"line":509,"column":null}},"type":"cond-expr","locations":[{"start":{"line":509,"column":25},"end":{"line":509,"column":32}},{"start":{"line":509,"column":32},"end":{"line":509,"column":null}}],"line":509},"29":{"loc":{"start":{"line":523,"column":2},"end":{"line":525,"column":null}},"type":"if","locations":[{"start":{"line":523,"column":2},"end":{"line":525,"column":null}},{"start":{},"end":{}}],"line":523},"30":{"loc":{"start":{"line":527,"column":2},"end":{"line":531,"column":null}},"type":"if","locations":[{"start":{"line":527,"column":2},"end":{"line":531,"column":null}},{"start":{},"end":{}}],"line":527},"31":{"loc":{"start":{"line":539,"column":16},"end":{"line":539,"column":null}},"type":"binary-expr","locations":[{"start":{"line":539,"column":16},"end":{"line":539,"column":41}},{"start":{"line":539,"column":41},"end":{"line":539,"column":null}}],"line":539},"32":{"loc":{"start":{"line":548,"column":2},"end":{"line":548,"column":null}},"type":"default-arg","locations":[{"start":{"line":548,"column":12},"end":{"line":548,"column":null}}],"line":548},"33":{"loc":{"start":{"line":549,"column":2},"end":{"line":549,"column":null}},"type":"default-arg","locations":[{"start":{"line":549,"column":16},"end":{"line":549,"column":null}}],"line":549},"34":{"loc":{"start":{"line":555,"column":15},"end":{"line":555,"column":null}},"type":"cond-expr","locations":[{"start":{"line":555,"column":25},"end":{"line":555,"column":32}},{"start":{"line":555,"column":32},"end":{"line":555,"column":null}}],"line":555},"35":{"loc":{"start":{"line":569,"column":8},"end":{"line":570,"column":null}},"type":"binary-expr","locations":[{"start":{"line":569,"column":8},"end":{"line":569,"column":null}},{"start":{"line":570,"column":10},"end":{"line":570,"column":null}}],"line":569},"36":{"loc":{"start":{"line":602,"column":2},"end":{"line":602,"column":null}},"type":"default-arg","locations":[{"start":{"line":602,"column":13},"end":{"line":602,"column":null}}],"line":602},"37":{"loc":{"start":{"line":619,"column":7},"end":{"line":623,"column":null}},"type":"binary-expr","locations":[{"start":{"line":619,"column":7},"end":{"line":619,"column":null}},{"start":{"line":620,"column":8},"end":{"line":623,"column":null}}],"line":619},"38":{"loc":{"start":{"line":668,"column":2},"end":{"line":668,"column":null}},"type":"default-arg","locations":[{"start":{"line":668,"column":12},"end":{"line":668,"column":null}}],"line":668},"39":{"loc":{"start":{"line":669,"column":2},"end":{"line":669,"column":null}},"type":"default-arg","locations":[{"start":{"line":669,"column":9},"end":{"line":669,"column":null}}],"line":669},"40":{"loc":{"start":{"line":670,"column":2},"end":{"line":670,"column":null}},"type":"default-arg","locations":[{"start":{"line":670,"column":13},"end":{"line":670,"column":null}}],"line":670},"41":{"loc":{"start":{"line":678,"column":15},"end":{"line":678,"column":null}},"type":"cond-expr","locations":[{"start":{"line":678,"column":25},"end":{"line":678,"column":32}},{"start":{"line":678,"column":32},"end":{"line":678,"column":null}}],"line":678},"42":{"loc":{"start":{"line":689,"column":8},"end":{"line":689,"column":null}},"type":"binary-expr","locations":[{"start":{"line":689,"column":8},"end":{"line":689,"column":25}},{"start":{"line":689,"column":25},"end":{"line":689,"column":null}}],"line":689},"43":{"loc":{"start":{"line":690,"column":8},"end":{"line":690,"column":null}},"type":"binary-expr","locations":[{"start":{"line":690,"column":8},"end":{"line":690,"column":25}},{"start":{"line":690,"column":25},"end":{"line":690,"column":null}}],"line":690}},"s":{"0":1,"1":1,"2":1,"3":1,"4":1,"5":1,"6":1,"7":75,"8":75,"9":0,"10":75,"11":22,"12":22,"13":22,"14":22,"15":22,"16":0,"17":0,"18":0,"19":0,"20":0,"21":22,"22":0,"23":0,"24":0,"25":22,"26":11,"27":0,"28":0,"29":0,"30":11,"31":11,"32":11,"33":22,"34":22,"35":11,"36":22,"37":15,"38":15,"39":0,"40":15,"41":0,"42":15,"43":0,"44":0,"45":0,"46":0,"47":0,"48":0,"49":0,"50":0,"51":15,"52":15,"53":15,"54":15,"55":15,"56":0,"57":0,"58":0,"59":0,"60":15,"61":15,"62":60,"63":1,"64":60,"65":60,"66":60,"67":60,"68":60,"69":0,"70":0,"71":0,"72":0,"73":0,"74":0,"75":0,"76":0,"77":0,"78":3,"79":12,"80":12,"81":12},"f":{"0":75,"1":22,"2":0,"3":0,"4":0,"5":0,"6":11,"7":0,"8":11,"9":11,"10":15,"11":0,"12":0,"13":0,"14":0,"15":0,"16":15,"17":15,"18":15,"19":15,"20":15,"21":0,"22":0,"23":15,"24":15,"25":60,"26":60,"27":0,"28":0,"29":0,"30":0,"31":3,"32":12,"33":12},"b":{"0":[0,75],"1":[22],"2":[22,22],"3":[0,0],"4":[0,0],"5":[0,0],"6":[0,0],"7":[0,0,0],"8":[22,0],"9":[15],"10":[15],"11":[15],"12":[0,15],"13":[0,15],"14":[0,15],"15":[0,15],"16":[15,15],"17":[15,0],"18":[0,15],"19":[15,15],"20":[0],"21":[0,0],"22":[0],"23":[0,0],"24":[60],"25":[60],"26":[60],"27":[60],"28":[60,0],"29":[60,0],"30":[0,0],"31":[0,0],"32":[0],"33":[0],"34":[0,0],"35":[0,0],"36":[0],"37":[0,0],"38":[12],"39":[12],"40":[12],"41":[12,0],"42":[12,0],"43":[12,12]},"meta":{"lastBranch":44,"lastFunction":34,"lastStatement":82,"seen":{"s:26:28:26:Infinity":0,"s:27:31:27:Infinity":1,"s:28:22:28:Infinity":2,"s:29:29:29:Infinity":3,"s:30:27:30:Infinity":4,"s:31:34:31:Infinity":5,"s:43:23:43:Infinity":6,"f:45:9:45:22":0,"s:46:18:46:Infinity":7,"b:47:2:49:Infinity:undefined:undefined:undefined:undefined":0,"s:47:2:49:Infinity":8,"s:48:4:48:Infinity":9,"s:51:2:51:Infinity":10,"f:54:9:54:25":1,"b:55:16:55:Infinity":1,"s:67:8:67:Infinity":11,"s:68:38:68:Infinity":12,"s:72:28:72:Infinity":13,"s:73:15:73:Infinity":14,"b:73:15:73:27:73:27:73:Infinity":2,"s:74:18:87:Infinity":15,"f:75:4:75:5":2,"s:76:24:76:Infinity":16,"b:76:54:76:68:76:68:76:Infinity":3,"b:77:6:81:Infinity:79:13:81:Infinity":4,"s:77:6:81:Infinity":17,"s:78:8:78:Infinity":18,"s:80:8:80:Infinity":19,"s:84:6:84:Infinity":20,"s:90:24:92:Infinity":21,"f:90:42:90:48":3,"s:91:4:91:Infinity":22,"b:91:22:91:55:91:55:91:Infinity":5,"f:91:36:91:37":4,"s:91:46:91:51":23,"f:91:63:91:64":5,"s:91:73:91:78":24,"s:95:2:108:Infinity":25,"f:95:18:95:24":6,"s:96:26:104:Infinity":26,"f:96:26:96:27":7,"b:97:6:103:Infinity:undefined:undefined:undefined:undefined":6,"s:97:6:103:Infinity":27,"b:98:8:98:Infinity:99:9:99:26:99:26:99:Infinity":7,"s:101:8:101:Infinity":28,"s:102:8:102:Infinity":29,"s:106:4:106:Infinity":30,"s:107:4:107:Infinity":31,"f:107:11:107:17":8,"s:107:17:107:Infinity":32,"s:112:16:112:Infinity":33,"b:112:23:112:36:112:36:112:Infinity":8,"s:114:23:125:Infinity":34,"f:115:4:115:11":9,"s:115:11:123:Infinity":35,"s:127:2:148:Infinity":36,"f:152:9:152:17":10,"b:153:9:153:Infinity":9,"b:154:12:154:Infinity":10,"b:155:16:155:Infinity":11,"s:164:57:164:Infinity":37,"b:166:2:179:Infinity:undefined:undefined:undefined:undefined":12,"s:166:2:179:Infinity":38,"s:167:4:177:Infinity":39,"b:181:2:204:Infinity:undefined:undefined:undefined:undefined":13,"s:181:2:204:Infinity":40,"s:182:4:202:Infinity":41,"s:206:2:250:Infinity":42,"b:210:48:210:62:210:62:210:Infinity":14,"b:223:14:223:Infinity:224:14:224:Infinity":15,"b:222:10:222:36:222:36:222:Infinity":16,"b:232:14:232:Infinity:233:14:233:Infinity":17,"b:236:14:236:Infinity:237:14:237:Infinity":18,"b:235:10:235:36:235:36:235:Infinity":19,"f:254:9:254:24":11,"s:259:28:259:Infinity":43,"s:261:2:276:Infinity":44,"f:268:15:268:16":12,"s:269:8:269:Infinity":45,"s:270:8:270:Infinity":46,"f:280:9:280:21":13,"s:281:28:281:Infinity":47,"s:283:2:301:Infinity":48,"f:305:9:305:22":14,"s:306:2:315:Infinity":49,"f:319:9:319:22":15,"s:323:2:329:Infinity":50,"f:333:9:333:23":16,"s:334:2:340:Infinity":51,"f:344:9:344:23":17,"s:345:2:351:Infinity":52,"f:355:9:355:26":18,"s:359:2:365:Infinity":53,"f:369:9:369:24":19,"s:370:2:379:Infinity":54,"f:383:9:383:22":20,"s:384:2:390:Infinity":55,"f:394:9:394:27":21,"b:396:12:396:Infinity":20,"s:399:15:399:Infinity":56,"b:399:25:399:32:399:32:399:Infinity":21,"s:401:2:411:Infinity":57,"f:415:9:415:28":22,"b:417:12:417:Infinity":22,"s:420:15:420:Infinity":58,"b:420:25:420:32:420:32:420:Infinity":23,"s:422:2:434:Infinity":59,"f:438:9:438:29":23,"s:442:2:448:Infinity":60,"f:452:9:452:21":24,"s:453:2:459:Infinity":61,"f:463:9:463:25":25,"s:464:2:470:Infinity":62,"s:474:6:494:Infinity":63,"f:496:9:496:27":26,"b:497:12:497:Infinity":24,"b:498:13:498:Infinity":25,"b:499:12:499:Infinity":26,"b:500:9:500:Infinity":27,"s:509:15:509:Infinity":64,"b:509:25:509:32:509:32:509:Infinity":28,"s:510:30:510:Infinity":65,"s:513:4:520:Infinity":66,"b:523:2:525:Infinity:undefined:undefined:undefined:undefined":29,"s:523:2:525:Infinity":67,"s:524:4:524:Infinity":68,"b:527:2:531:Infinity:undefined:undefined:undefined:undefined":30,"s:527:2:531:Infinity":69,"s:528:4:530:Infinity":70,"s:533:2:542:Infinity":71,"b:539:16:539:41:539:41:539:Infinity":31,"f:546:9:546:27":27,"b:548:12:548:Infinity":32,"b:549:16:549:Infinity":33,"s:555:15:555:Infinity":72,"b:555:25:555:32:555:32:555:Infinity":34,"s:557:2:574:Infinity":73,"b:569:8:569:Infinity:570:10:570:Infinity":35,"f:578:9:578:26":28,"s:582:2:596:Infinity":74,"f:600:9:600:29":29,"b:602:13:602:Infinity":36,"s:608:16:610:Infinity":75,"f:608:30:608:36":30,"s:609:4:609:Infinity":76,"s:612:2:634:Infinity":77,"b:619:7:619:Infinity:620:8:623:Infinity":37,"f:638:9:638:24":31,"s:639:2:649:Infinity":78,"f:653:9:653:28":32,"s:657:2:663:Infinity":79,"f:667:9:667:30":33,"b:668:12:668:Infinity":38,"b:669:9:669:Infinity":39,"b:670:13:670:Infinity":40,"s:678:15:678:Infinity":80,"b:678:25:678:32:678:32:678:Infinity":41,"s:680:2:695:Infinity":81,"b:689:8:689:25:689:25:689:Infinity":42,"b:690:8:690:25:690:25:690:Infinity":43}}}
,"C:\\Users\\hp\\OneDrive\\Bureau\\foodify\\src\\components\\ui\\skeleton.tsx": {"path":"C:\\Users\\hp\\OneDrive\\Bureau\\foodify\\src\\components\\ui\\skeleton.tsx","statementMap":{"0":{"start":{"line":4,"column":2},"end":{"line":9,"column":null}}},"fnMap":{"0":{"name":"Skeleton","decl":{"start":{"line":3,"column":9},"end":{"line":3,"column":18}},"loc":{"start":{"line":3,"column":72},"end":{"line":11,"column":null}},"line":3}},"branchMap":{},"s":{"0":0},"f":{"0":0},"b":{},"meta":{"lastBranch":0,"lastFunction":1,"lastStatement":1,"seen":{"f:3:9:3:18":0,"s:4:2:9:Infinity":0}}}
,"C:\\Users\\hp\\OneDrive\\Bureau\\foodify\\src\\components\\ui\\tooltip.tsx": {"path":"C:\\Users\\hp\\OneDrive\\Bureau\\foodify\\src\\components\\ui\\tooltip.tsx","statementMap":{"0":{"start":{"line":10,"column":2},"end":{"line":15,"column":null}},"1":{"start":{"line":22,"column":2},"end":{"line":25,"column":null}},"2":{"start":{"line":32,"column":2},"end":{"line":32,"column":null}},"3":{"start":{"line":41,"column":2},"end":{"line":55,"column":null}}},"fnMap":{"0":{"name":"TooltipProvider","decl":{"start":{"line":6,"column":9},"end":{"line":6,"column":25}},"loc":{"start":{"line":9,"column":59},"end":{"line":17,"column":null}},"line":9},"1":{"name":"Tooltip","decl":{"start":{"line":19,"column":9},"end":{"line":19,"column":17}},"loc":{"start":{"line":21,"column":55},"end":{"line":27,"column":null}},"line":21},"2":{"name":"TooltipTrigger","decl":{"start":{"line":29,"column":9},"end":{"line":29,"column":24}},"loc":{"start":{"line":31,"column":58},"end":{"line":33,"column":null}},"line":31},"3":{"name":"TooltipContent","decl":{"start":{"line":35,"column":9},"end":{"line":35,"column":24}},"loc":{"start":{"line":40,"column":58},"end":{"line":57,"column":null}},"line":40}},"branchMap":{"0":{"loc":{"start":{"line":7,"column":2},"end":{"line":7,"column":null}},"type":"default-arg","locations":[{"start":{"line":7,"column":18},"end":{"line":7,"column":null}}],"line":7},"1":{"loc":{"start":{"line":37,"column":2},"end":{"line":37,"column":null}},"type":"default-arg","locations":[{"start":{"line":37,"column":15},"end":{"line":37,"column":null}}],"line":37}},"s":{"0":22,"1":0,"2":0,"3":0},"f":{"0":22,"1":0,"2":0,"3":0},"b":{"0":[22],"1":[0]},"meta":{"lastBranch":2,"lastFunction":4,"lastStatement":4,"seen":{"f:6:9:6:25":0,"b:7:18:7:Infinity":0,"s:10:2:15:Infinity":0,"f:19:9:19:17":1,"s:22:2:25:Infinity":1,"f:29:9:29:24":2,"s:32:2:32:Infinity":2,"f:35:9:35:24":3,"b:37:15:37:Infinity":1,"s:41:2:55:Infinity":3}}}
,"C:\\Users\\hp\\OneDrive\\Bureau\\foodify\\src\\hooks\\use-mobile.ts": {"path":"C:\\Users\\hp\\OneDrive\\Bureau\\foodify\\src\\hooks\\use-mobile.ts","statementMap":{"0":{"start":{"line":3,"column":26},"end":{"line":3,"column":null}},"1":{"start":{"line":6,"column":34},"end":{"line":6,"column":null}},"2":{"start":{"line":8,"column":2},"end":{"line":16,"column":null}},"3":{"start":{"line":9,"column":16},"end":{"line":9,"column":null}},"4":{"start":{"line":10,"column":21},"end":{"line":12,"column":null}},"5":{"start":{"line":11,"column":6},"end":{"line":11,"column":null}},"6":{"start":{"line":13,"column":4},"end":{"line":13,"column":null}},"7":{"start":{"line":14,"column":4},"end":{"line":14,"column":null}},"8":{"start":{"line":15,"column":4},"end":{"line":15,"column":null}},"9":{"start":{"line":15,"column":17},"end":{"line":15,"column":null}},"10":{"start":{"line":18,"column":2},"end":{"line":18,"column":null}}},"fnMap":{"0":{"name":"useIsMobile","decl":{"start":{"line":5,"column":16},"end":{"line":5,"column":30}},"loc":{"start":{"line":5,"column":30},"end":{"line":19,"column":null}},"line":5},"1":{"name":"(anonymous_1)","decl":{"start":{"line":8,"column":18},"end":{"line":8,"column":24}},"loc":{"start":{"line":8,"column":24},"end":{"line":16,"column":5}},"line":8},"2":{"name":"(anonymous_2)","decl":{"start":{"line":10,"column":21},"end":{"line":10,"column":27}},"loc":{"start":{"line":10,"column":27},"end":{"line":12,"column":null}},"line":10},"3":{"name":"(anonymous_3)","decl":{"start":{"line":15,"column":11},"end":{"line":15,"column":17}},"loc":{"start":{"line":15,"column":17},"end":{"line":15,"column":null}},"line":15}},"branchMap":{},"s":{"0":1,"1":22,"2":22,"3":11,"4":11,"5":0,"6":11,"7":11,"8":11,"9":11,"10":22},"f":{"0":22,"1":11,"2":0,"3":11},"b":{},"meta":{"lastBranch":0,"lastFunction":4,"lastStatement":11,"seen":{"s:3:26:3:Infinity":0,"f:5:16:5:30":0,"s:6:34:6:Infinity":1,"s:8:2:16:Infinity":2,"f:8:18:8:24":1,"s:9:16:9:Infinity":3,"s:10:21:12:Infinity":4,"f:10:21:10:27":2,"s:11:6:11:Infinity":5,"s:13:4:13:Infinity":6,"s:14:4:14:Infinity":7,"s:15:4:15:Infinity":8,"f:15:11:15:17":3,"s:15:17:15:Infinity":9,"s:18:2:18:Infinity":10}}}
,"C:\\Users\\hp\\OneDrive\\Bureau\\foodify\\src\\lib\\utils.ts": {"path":"C:\\Users\\hp\\OneDrive\\Bureau\\foodify\\src\\lib\\utils.ts","statementMap":{"0":{"start":{"line":5,"column":2},"end":{"line":5,"column":null}}},"fnMap":{"0":{"name":"cn","decl":{"start":{"line":4,"column":16},"end":{"line":4,"column":22}},"loc":{"start":{"line":4,"column":44},"end":{"line":6,"column":null}},"line":4}},"branchMap":{},"s":{"0":526},"f":{"0":526},"b":{},"meta":{"lastBranch":0,"lastFunction":1,"lastStatement":1,"seen":{"f:4:16:4:22":0,"s:5:2:5:Infinity":0}}}
,"C:\\Users\\hp\\OneDrive\\Bureau\\foodify\\src\\pages\\orderSteps.tsx": {"path":"C:\\Users\\hp\\OneDrive\\Bureau\\foodify\\src\\pages\\orderSteps.tsx","statementMap":{"0":{"start":{"line":4,"column":19},"end":{"line":77,"column":null}},"1":{"start":{"line":6,"column":16},"end":{"line":28,"column":null}},"2":{"start":{"line":30,"column":2},"end":{"line":75,"column":null}},"3":{"start":{"line":44,"column":34},"end":{"line":44,"column":null}},"4":{"start":{"line":45,"column":12},"end":{"line":70,"column":null}}},"fnMap":{"0":{"name":"(anonymous_0)","decl":{"start":{"line":4,"column":19},"end":{"line":4,"column":25}},"loc":{"start":{"line":4,"column":25},"end":{"line":77,"column":null}},"line":4},"1":{"name":"(anonymous_1)","decl":{"start":{"line":43,"column":21},"end":{"line":43,"column":22}},"loc":{"start":{"line":43,"column":31},"end":{"line":72,"column":11}},"line":43}},"branchMap":{},"s":{"0":1,"1":3,"2":3,"3":9,"4":9},"f":{"0":3,"1":9},"b":{},"meta":{"lastBranch":0,"lastFunction":2,"lastStatement":5,"seen":{"s:4:19:77:Infinity":0,"f:4:19:4:25":0,"s:6:16:28:Infinity":1,"s:30:2:75:Infinity":2,"f:43:21:43:22":1,"s:44:34:44:Infinity":3,"s:45:12:70:Infinity":4}}}
,"C:\\Users\\hp\\OneDrive\\Bureau\\foodify\\src\\pages\\auth\\login.tsx": {"path":"C:\\Users\\hp\\OneDrive\\Bureau\\foodify\\src\\pages\\auth\\login.tsx","statementMap":{"0":{"start":{"line":6,"column":14},"end":{"line":34,"column":null}},"1":{"start":{"line":7,"column":2},"end":{"line":32,"column":null}}},"fnMap":{"0":{"name":"(anonymous_0)","decl":{"start":{"line":6,"column":14},"end":{"line":6,"column":20}},"loc":{"start":{"line":6,"column":20},"end":{"line":34,"column":null}},"line":6}},"branchMap":{},"s":{"0":1,"1":1},"f":{"0":1},"b":{},"meta":{"lastBranch":0,"lastFunction":1,"lastStatement":2,"seen":{"s:6:14:34:Infinity":0,"f:6:14:6:20":0,"s:7:2:32:Infinity":1}}}
,"C:\\Users\\hp\\OneDrive\\Bureau\\foodify\\src\\pages\\auth\\signup.tsx": {"path":"C:\\Users\\hp\\OneDrive\\Bureau\\foodify\\src\\pages\\auth\\signup.tsx","statementMap":{"0":{"start":{"line":6,"column":15},"end":{"line":34,"column":null}},"1":{"start":{"line":7,"column":2},"end":{"line":32,"column":null}}},"fnMap":{"0":{"name":"(anonymous_0)","decl":{"start":{"line":6,"column":15},"end":{"line":6,"column":21}},"loc":{"start":{"line":6,"column":21},"end":{"line":34,"column":null}},"line":6}},"branchMap":{},"s":{"0":1,"1":1},"f":{"0":1},"b":{},"meta":{"lastBranch":0,"lastFunction":1,"lastStatement":2,"seen":{"s:6:15:34:Infinity":0,"f:6:15:6:21":0,"s:7:2:32:Infinity":1}}}
}
